/lustre/pulsar/scratch/ajaodand/GBT14B-036_AMXPs/20140811/guppi_56880_IGRJ17511-3057_0001_0001.fits
/lustre/pulsar/scratch/ajaodand/GBT14B-036_AMXPs/20140811/guppi_56880_IGRJ17511-3057_0001_0002.fits
/lustre/pulsar/scratch/ajaodand/GBT14B-036_AMXPs/20140811/guppi_56880_IGRJ17511-3057_0001_0003.fits
mv: cannot stat `*.pfd.pdf*': No such file or directory
prepfold_timeseries_guppi_56880_IGRJ17511-3057_0001/
prepfold_timeseries_guppi_56880_IGRJ17511-3057_0001/guppi_56880_IGRJ17511-3057_0001_out_DM27.00_ACCEL_Cand_15.pfd.pdf
prepfold_timeseries_guppi_56880_IGRJ17511-3057_0001/guppi_56880_IGRJ17511-3057_0001_out_DM35.00_ACCEL_Cand_5.pfd.pdf
prepfold_timeseries_guppi_56880_IGRJ17511-3057_0001/guppi_56880_IGRJ17511-3057_0001_out_DM381.00_ACCEL_Cand_3.pfd.pdf
prepfold_timeseries_guppi_56880_IGRJ17511-3057_0001/guppi_56880_IGRJ17511-3057_0001_out_DM558.00_ACCEL_Cand_1.pfd.pdf
prepfold_timeseries_guppi_56880_IGRJ17511-3057_0001/guppi_56880_IGRJ17511-3057_0001_out_DM113.00_ACCEL_Cand_4.pfd.pdf
prepfold_timeseries_guppi_56880_IGRJ17511-3057_0001/guppi_56880_IGRJ17511-3057_0001_out_DM754.00_ACCEL_Cand_2.pfd.pdf
prepfold_timeseries_guppi_56880_IGRJ17511-3057_0001/guppi_56880_IGRJ17511-3057_0001_out_DM234.00_ACCEL_Cand_10.pfd.pdf
prepfold_timeseries_guppi_56880_IGRJ17511-3057_0001/guppi_56880_IGRJ17511-3057_0001_out_DM167.00_ACCEL_Cand_12.pfd.pdf
prepfold_timeseries_guppi_56880_IGRJ17511-3057_0001/guppi_56880_IGRJ17511-3057_0001_out_DM301.00_ACCEL_Cand_10.pfd.pdf
prepfold_timeseries_guppi_56880_IGRJ17511-3057_0001/guppi_56880_IGRJ17511-3057_0001_out_DM992.00_ACCEL_Cand_1.pfd.pdf
prepfold_timeseries_guppi_56880_IGRJ17511-3057_0001/guppi_56880_IGRJ17511-3057_0001_out_DM708.00_ACCEL_Cand_3.pfd.pdf
prepfold_timeseries_guppi_56880_IGRJ17511-3057_0001/guppi_56880_IGRJ17511-3057_0001_out_DM207.00_ACCEL_Cand_1.pfd.pdf
prepfold_timeseries_guppi_56880_IGRJ17511-3057_0001/guppi_56880_IGRJ17511-3057_0001_out_DM69.00_ACCEL_Cand_3.pfd.pdf
prepfold_timeseries_guppi_56880_IGRJ17511-3057_0001/guppi_56880_IGRJ17511-3057_0001_out_DM462.00_ACCEL_Cand_2.pfd.pdf
prepfold_timeseries_guppi_56880_IGRJ17511-3057_0001/guppi_56880_IGRJ17511-3057_0001_out_DM951.00_ACCEL_Cand_1.pfd.pdf
prepfold_timeseries_guppi_56880_IGRJ17511-3057_0001/guppi_56880_IGRJ17511-3057_0001_out_DM103.00_ACCEL_Cand_8.pfd.pdf
prepfold_timeseries_guppi_56880_IGRJ17511-3057_0001/guppi_56880_IGRJ17511-3057_0001_out_DM347.00_ACCEL_Cand_5.pfd.pdf
prepfold_timeseries_guppi_56880_IGRJ17511-3057_0001/guppi_56880_IGRJ17511-3057_0001_out_DM115.00_ACCEL_Cand_10.pfd.pdf
prepfold_timeseries_guppi_56880_IGRJ17511-3057_0001/guppi_56880_IGRJ17511-3057_0001_out_DM474.00_ACCEL_Cand_3.pfd.pdf
prepfold_timeseries_guppi_56880_IGRJ17511-3057_0001/guppi_56880_IGRJ17511-3057_0001_out_DM156.00_ACCEL_Cand_1.pfd.pdf
prepfold_timeseries_guppi_56880_IGRJ17511-3057_0001/guppi_56880_IGRJ17511-3057_0001_out_DM811.00_ACCEL_Cand_4.pfd.pdf
prepfold_timeseries_guppi_56880_IGRJ17511-3057_0001/guppi_56880_IGRJ17511-3057_0001_out_DM553.00_ACCEL_Cand_4.pfd.pdf
prepfold_timeseries_guppi_56880_IGRJ17511-3057_0001/guppi_56880_IGRJ17511-3057_0001_out_DM836.00_ACCEL_Cand_4.pfd.pdf
prepfold_timeseries_guppi_56880_IGRJ17511-3057_0001/guppi_56880_IGRJ17511-3057_0001_out_DM15.00_ACCEL_Cand_8.pfd.pdf
prepfold_timeseries_guppi_56880_IGRJ17511-3057_0001/guppi_56880_IGRJ17511-3057_0001_out_DM731.00_ACCEL_Cand_5.pfd.pdf
prepfold_timeseries_guppi_56880_IGRJ17511-3057_0001/guppi_56880_IGRJ17511-3057_0001_out_DM928.00_ACCEL_Cand_3.pfd.pdf
prepfold_timeseries_guppi_56880_IGRJ17511-3057_0001/guppi_56880_IGRJ17511-3057_0001_out_DM957.00_ACCEL_Cand_4.pfd.pdf
prepfold_timeseries_guppi_56880_IGRJ17511-3057_0001/guppi_56880_IGRJ17511-3057_0001_out_DM545.00_ACCEL_Cand_4.pfd.pdf
prepfold_timeseries_guppi_56880_IGRJ17511-3057_0001/guppi_56880_IGRJ17511-3057_0001_out_DM501.00_ACCEL_Cand_2.pfd.pdf
prepfold_timeseries_guppi_56880_IGRJ17511-3057_0001/guppi_56880_IGRJ17511-3057_0001_out_DM542.00_ACCEL_Cand_2.pfd.pdf
prepfold_timeseries_guppi_56880_IGRJ17511-3057_0001/guppi_56880_IGRJ17511-3057_0001_out_DM380.00_ACCEL_Cand_1.pfd.pdf
prepfold_timeseries_guppi_56880_IGRJ17511-3057_0001/guppi_56880_IGRJ17511-3057_0001_out_DM308.00_ACCEL_Cand_5.pfd.pdf
prepfold_timeseries_guppi_56880_IGRJ17511-3057_0001/guppi_56880_IGRJ17511-3057_0001_out_DM671.00_ACCEL_Cand_4.pfd.pdf
prepfold_timeseries_guppi_56880_IGRJ17511-3057_0001/guppi_56880_IGRJ17511-3057_0001_out_DM973.00_ACCEL_Cand_1.pfd.pdf
prepfold_timeseries_guppi_56880_IGRJ17511-3057_0001/guppi_56880_IGRJ17511-3057_0001_out_DM10.00_ACCEL_Cand_2.pfd.pdf
prepfold_timeseries_guppi_56880_IGRJ17511-3057_0001/guppi_56880_IGRJ17511-3057_0001_out_DM78.00_ACCEL_Cand_12.pfd.pdf
prepfold_timeseries_guppi_56880_IGRJ17511-3057_0001/guppi_56880_IGRJ17511-3057_0001_out_DM666.00_ACCEL_Cand_4.pfd.pdf
prepfold_timeseries_guppi_56880_IGRJ17511-3057_0001/guppi_56880_IGRJ17511-3057_0001_out_DM513.00_ACCEL_Cand_2.pfd.pdf
prepfold_timeseries_guppi_56880_IGRJ17511-3057_0001/guppi_56880_IGRJ17511-3057_0001_out_DM380.00_ACCEL_Cand_16.pfd.pdf
prepfold_timeseries_guppi_56880_IGRJ17511-3057_0001/guppi_56880_IGRJ17511-3057_0001_out_DM299.00_ACCEL_Cand_10.pfd.pdf
prepfold_timeseries_guppi_56880_IGRJ17511-3057_0001/guppi_56880_IGRJ17511-3057_0001_out_DM57.00_ACCEL_Cand_3.pfd.pdf
prepfold_timeseries_guppi_56880_IGRJ17511-3057_0001/guppi_56880_IGRJ17511-3057_0001_out_DM737.00_ACCEL_Cand_1.pfd.pdf
prepfold_timeseries_guppi_56880_IGRJ17511-3057_0001/guppi_56880_IGRJ17511-3057_0001_out_DM593.00_ACCEL_Cand_3.pfd.pdf
prepfold_timeseries_guppi_56880_IGRJ17511-3057_0001/guppi_56880_IGRJ17511-3057_0001_out_DM158.00_ACCEL_Cand_2.pfd.pdf
prepfold_timeseries_guppi_56880_IGRJ17511-3057_0001/guppi_56880_IGRJ17511-3057_0001_out_DM610.00_ACCEL_Cand_7.pfd.pdf
prepfold_timeseries_guppi_56880_IGRJ17511-3057_0001/guppi_56880_IGRJ17511-3057_0001_out_DM449.00_ACCEL_Cand_1.pfd.pdf
prepfold_timeseries_guppi_56880_IGRJ17511-3057_0001/guppi_56880_IGRJ17511-3057_0001_out_DM466.00_ACCEL_Cand_1.pfd.pdf
prepfold_timeseries_guppi_56880_IGRJ17511-3057_0001/guppi_56880_IGRJ17511-3057_0001_out_DM1007.00_ACCEL_Cand_1.pfd.pdf
prepfold_timeseries_guppi_56880_IGRJ17511-3057_0001/guppi_56880_IGRJ17511-3057_0001_out_DM118.00_ACCEL_Cand_8.pfd.pdf
prepfold_timeseries_guppi_56880_IGRJ17511-3057_0001/guppi_56880_IGRJ17511-3057_0001_out_DM398.00_ACCEL_Cand_1.pfd.pdf
prepfold_timeseries_guppi_56880_IGRJ17511-3057_0001/guppi_56880_IGRJ17511-3057_0001_out_DM27.00_ACCEL_Cand_6.pfd.pdf
prepfold_timeseries_guppi_56880_IGRJ17511-3057_0001/guppi_56880_IGRJ17511-3057_0001_out_DM258.00_ACCEL_Cand_6.pfd.pdf
prepfold_timeseries_guppi_56880_IGRJ17511-3057_0001/guppi_56880_IGRJ17511-3057_0001_out_DM173.00_ACCEL_Cand_4.pfd.pdf
prepfold_timeseries_guppi_56880_IGRJ17511-3057_0001/guppi_56880_IGRJ17511-3057_0001_out_DM35.00_ACCEL_Cand_9.pfd.pdf
prepfold_timeseries_guppi_56880_IGRJ17511-3057_0001/guppi_56880_IGRJ17511-3057_0001_out_DM272.00_ACCEL_Cand_3.pfd.pdf
prepfold_timeseries_guppi_56880_IGRJ17511-3057_0001/guppi_56880_IGRJ17511-3057_0001_out_DM17.00_ACCEL_Cand_10.pfd.pdf
prepfold_timeseries_guppi_56880_IGRJ17511-3057_0001/guppi_56880_IGRJ17511-3057_0001_out_DM83.00_ACCEL_Cand_10.pfd.pdf
prepfold_timeseries_guppi_56880_IGRJ17511-3057_0001/guppi_56880_IGRJ17511-3057_0001_out_DM165.00_ACCEL_Cand_7.pfd.pdf
prepfold_timeseries_guppi_56880_IGRJ17511-3057_0001/guppi_56880_IGRJ17511-3057_0001_out_DM234.00_ACCEL_Cand_3.pfd.pdf
prepfold_timeseries_guppi_56880_IGRJ17511-3057_0001/guppi_56880_IGRJ17511-3057_0001_out_DM369.00_ACCEL_Cand_4.pfd.pdf
prepfold_timeseries_guppi_56880_IGRJ17511-3057_0001/guppi_56880_IGRJ17511-3057_0001_out_DM522.00_ACCEL_Cand_8.pfd.pdf
prepfold_timeseries_guppi_56880_IGRJ17511-3057_0001/guppi_56880_IGRJ17511-3057_0001_out_DM546.00_ACCEL_Cand_1.pfd.pdf
prepfold_timeseries_guppi_56880_IGRJ17511-3057_0001/guppi_56880_IGRJ17511-3057_0001_out_DM99.00_ACCEL_Cand_7.pfd.pdf
prepfold_timeseries_guppi_56880_IGRJ17511-3057_0001/guppi_56880_IGRJ17511-3057_0001_out_DM558.00_ACCEL_Cand_4.pfd.pdf
prepfold_timeseries_guppi_56880_IGRJ17511-3057_0001/guppi_56880_IGRJ17511-3057_0001_out_DM76.00_ACCEL_Cand_3.pfd.pdf
prepfold_timeseries_guppi_56880_IGRJ17511-3057_0001/guppi_56880_IGRJ17511-3057_0001_out_DM246.00_ACCEL_Cand_4.pfd.pdf
prepfold_timeseries_guppi_56880_IGRJ17511-3057_0001/guppi_56880_IGRJ17511-3057_0001_out_DM309.00_ACCEL_Cand_6.pfd.pdf
prepfold_timeseries_guppi_56880_IGRJ17511-3057_0001/guppi_56880_IGRJ17511-3057_0001_out_DM216.00_ACCEL_Cand_3.pfd.pdf
prepfold_timeseries_guppi_56880_IGRJ17511-3057_0001/guppi_56880_IGRJ17511-3057_0001_out_DM918.00_ACCEL_Cand_6.pfd.pdf
prepfold_timeseries_guppi_56880_IGRJ17511-3057_0001/guppi_56880_IGRJ17511-3057_0001_out_DM957.00_ACCEL_Cand_3.pfd.pdf
prepfold_timeseries_guppi_56880_IGRJ17511-3057_0001/guppi_56880_IGRJ17511-3057_0001_out_DM379.00_ACCEL_Cand_1.pfd.pdf
prepfold_timeseries_guppi_56880_IGRJ17511-3057_0001/guppi_56880_IGRJ17511-3057_0001_out_DM499.00_ACCEL_Cand_3.pfd.pdf
prepfold_timeseries_guppi_56880_IGRJ17511-3057_0001/guppi_56880_IGRJ17511-3057_0001_out_DM711.00_ACCEL_Cand_3.pfd.pdf
prepfold_timeseries_guppi_56880_IGRJ17511-3057_0001/guppi_56880_IGRJ17511-3057_0001_out_DM272.00_ACCEL_Cand_4.pfd.pdf
prepfold_timeseries_guppi_56880_IGRJ17511-3057_0001/guppi_56880_IGRJ17511-3057_0001_out_DM397.00_ACCEL_Cand_1.pfd.pdf
prepfold_timeseries_guppi_56880_IGRJ17511-3057_0001/guppi_56880_IGRJ17511-3057_0001_out_DM380.00_ACCEL_Cand_13.pfd.pdf
prepfold_timeseries_guppi_56880_IGRJ17511-3057_0001/guppi_56880_IGRJ17511-3057_0001_out_DM351.00_ACCEL_Cand_5.pfd.pdf
prepfold_timeseries_guppi_56880_IGRJ17511-3057_0001/guppi_56880_IGRJ17511-3057_0001_out_DM91.00_ACCEL_Cand_5.pfd.pdf
prepfold_timeseries_guppi_56880_IGRJ17511-3057_0001/guppi_56880_IGRJ17511-3057_0001_out_DM658.00_ACCEL_Cand_1.pfd.pdf
prepfold_timeseries_guppi_56880_IGRJ17511-3057_0001/guppi_56880_IGRJ17511-3057_0001_out_DM731.00_ACCEL_Cand_1.pfd.pdf
prepfold_timeseries_guppi_56880_IGRJ17511-3057_0001/guppi_56880_IGRJ17511-3057_0001_out_DM7.00_ACCEL_Cand_18.pfd.pdf
prepfold_timeseries_guppi_56880_IGRJ17511-3057_0001/guppi_56880_IGRJ17511-3057_0001_out_DM260.00_ACCEL_Cand_9.pfd.pdf
prepfold_timeseries_guppi_56880_IGRJ17511-3057_0001/guppi_56880_IGRJ17511-3057_0001_out_DM482.00_ACCEL_Cand_3.pfd.pdf
prepfold_timeseries_guppi_56880_IGRJ17511-3057_0001/guppi_56880_IGRJ17511-3057_0001_out_DM919.00_ACCEL_Cand_4.pfd.pdf
prepfold_timeseries_guppi_56880_IGRJ17511-3057_0001/guppi_56880_IGRJ17511-3057_0001_out_DM511.00_ACCEL_Cand_7.pfd.pdf
prepfold_timeseries_guppi_56880_IGRJ17511-3057_0001/guppi_56880_IGRJ17511-3057_0001_out_DM80.00_ACCEL_Cand_14.pfd.pdf
prepfold_timeseries_guppi_56880_IGRJ17511-3057_0001/guppi_56880_IGRJ17511-3057_0001_out_DM26.00_ACCEL_Cand_5.pfd.pdf
prepfold_timeseries_guppi_56880_IGRJ17511-3057_0001/guppi_56880_IGRJ17511-3057_0001_out_DM770.00_ACCEL_Cand_1.pfd.pdf
prepfold_timeseries_guppi_56880_IGRJ17511-3057_0001/guppi_56880_IGRJ17511-3057_0001_out_DM1007.00_ACCEL_Cand_2.pfd.pdf
prepfold_timeseries_guppi_56880_IGRJ17511-3057_0001/guppi_56880_IGRJ17511-3057_0001_out_DM323.00_ACCEL_Cand_2.pfd.pdf
prepfold_timeseries_guppi_56880_IGRJ17511-3057_0001/guppi_56880_IGRJ17511-3057_0001_out_DM480.00_ACCEL_Cand_2.pfd.pdf
prepfold_timeseries_guppi_56880_IGRJ17511-3057_0001/guppi_56880_IGRJ17511-3057_0001_out_DM343.00_ACCEL_Cand_4.pfd.pdf
prepfold_timeseries_guppi_56880_IGRJ17511-3057_0001/guppi_56880_IGRJ17511-3057_0001_out_DM470.00_ACCEL_Cand_2.pfd.pdf
prepfold_timeseries_guppi_56880_IGRJ17511-3057_0001/guppi_56880_IGRJ17511-3057_0001_out_DM3.00_ACCEL_Cand_55.pfd.pdf
prepfold_timeseries_guppi_56880_IGRJ17511-3057_0001/guppi_56880_IGRJ17511-3057_0001_out_DM672.00_ACCEL_Cand_1.pfd.pdf
prepfold_timeseries_guppi_56880_IGRJ17511-3057_0001/guppi_56880_IGRJ17511-3057_0001_out_DM14.00_ACCEL_Cand_5.pfd.pdf
prepfold_timeseries_guppi_56880_IGRJ17511-3057_0001/guppi_56880_IGRJ17511-3057_0001_out_DM614.00_ACCEL_Cand_1.pfd.pdf
prepfold_timeseries_guppi_56880_IGRJ17511-3057_0001/guppi_56880_IGRJ17511-3057_0001_out_DM780.00_ACCEL_Cand_4.pfd.pdf
prepfold_timeseries_guppi_56880_IGRJ17511-3057_0001/guppi_56880_IGRJ17511-3057_0001_out_DM218.00_ACCEL_Cand_3.pfd.pdf
prepfold_timeseries_guppi_56880_IGRJ17511-3057_0001/guppi_56880_IGRJ17511-3057_0001_out_DM714.00_ACCEL_Cand_11.pfd.pdf
prepfold_timeseries_guppi_56880_IGRJ17511-3057_0001/guppi_56880_IGRJ17511-3057_0001_out_DM684.00_ACCEL_Cand_8.pfd.pdf
prepfold_timeseries_guppi_56880_IGRJ17511-3057_0001/guppi_56880_IGRJ17511-3057_0001_out_DM283.00_ACCEL_Cand_18.pfd.pdf
prepfold_timeseries_guppi_56880_IGRJ17511-3057_0001/guppi_56880_IGRJ17511-3057_0001_out_DM61.00_ACCEL_Cand_2.pfd.pdf
prepfold_timeseries_guppi_56880_IGRJ17511-3057_0001/guppi_56880_IGRJ17511-3057_0001_out_DM289.00_ACCEL_Cand_4.pfd.pdf
prepfold_timeseries_guppi_56880_IGRJ17511-3057_0001/guppi_56880_IGRJ17511-3057_0001_out_DM561.00_ACCEL_Cand_2.pfd.pdf
prepfold_timeseries_guppi_56880_IGRJ17511-3057_0001/guppi_56880_IGRJ17511-3057_0001_out_DM969.00_ACCEL_Cand_1.pfd.pdf
prepfold_timeseries_guppi_56880_IGRJ17511-3057_0001/guppi_56880_IGRJ17511-3057_0001_out_DM588.00_ACCEL_Cand_1.pfd.pdf
prepfold_timeseries_guppi_56880_IGRJ17511-3057_0001/guppi_56880_IGRJ17511-3057_0001_out_DM500.00_ACCEL_Cand_6.pfd.pdf
prepfold_timeseries_guppi_56880_IGRJ17511-3057_0001/guppi_56880_IGRJ17511-3057_0001_out_DM454.00_ACCEL_Cand_1.pfd.pdf
prepfold_timeseries_guppi_56880_IGRJ17511-3057_0001/guppi_56880_IGRJ17511-3057_0001_out_DM303.00_ACCEL_Cand_7.pfd.pdf
prepfold_timeseries_guppi_56880_IGRJ17511-3057_0001/guppi_56880_IGRJ17511-3057_0001_out_DM124.00_ACCEL_Cand_6.pfd.pdf
prepfold_timeseries_guppi_56880_IGRJ17511-3057_0001/guppi_56880_IGRJ17511-3057_0001_out_DM863.00_ACCEL_Cand_7.pfd.pdf
prepfold_timeseries_guppi_56880_IGRJ17511-3057_0001/guppi_56880_IGRJ17511-3057_0001_out_DM280.00_ACCEL_Cand_1.pfd.pdf
prepfold_timeseries_guppi_56880_IGRJ17511-3057_0001/guppi_56880_IGRJ17511-3057_0001_out_DM733.00_ACCEL_Cand_2.pfd.pdf
prepfold_timeseries_guppi_56880_IGRJ17511-3057_0001/guppi_56880_IGRJ17511-3057_0001_out_DM799.00_ACCEL_Cand_3.pfd.pdf
prepfold_timeseries_guppi_56880_IGRJ17511-3057_0001/guppi_56880_IGRJ17511-3057_0001_out_DM103.00_ACCEL_Cand_1.pfd.pdf
prepfold_timeseries_guppi_56880_IGRJ17511-3057_0001/guppi_56880_IGRJ17511-3057_0001_out_DM221.00_ACCEL_Cand_4.pfd.pdf
prepfold_timeseries_guppi_56880_IGRJ17511-3057_0001/guppi_56880_IGRJ17511-3057_0001_out_DM6.00_ACCEL_Cand_12.pfd.pdf
prepfold_timeseries_guppi_56880_IGRJ17511-3057_0001/guppi_56880_IGRJ17511-3057_0001_out_DM667.00_ACCEL_Cand_1.pfd.pdf
prepfold_timeseries_guppi_56880_IGRJ17511-3057_0001/guppi_56880_IGRJ17511-3057_0001_out_DM713.00_ACCEL_Cand_1.pfd.pdf
prepfold_timeseries_guppi_56880_IGRJ17511-3057_0001/guppi_56880_IGRJ17511-3057_0001_out_DM181.00_ACCEL_Cand_4.pfd.pdf
prepfold_timeseries_guppi_56880_IGRJ17511-3057_0001/guppi_56880_IGRJ17511-3057_0001_out_DM453.00_ACCEL_Cand_4.pfd.pdf
prepfold_timeseries_guppi_56880_IGRJ17511-3057_0001/guppi_56880_IGRJ17511-3057_0001_out_DM521.00_ACCEL_Cand_9.pfd.pdf
prepfold_timeseries_guppi_56880_IGRJ17511-3057_0001/guppi_56880_IGRJ17511-3057_0001_out_DM491.00_ACCEL_Cand_2.pfd.pdf
prepfold_timeseries_guppi_56880_IGRJ17511-3057_0001/guppi_56880_IGRJ17511-3057_0001_out_DM909.00_ACCEL_Cand_3.pfd.pdf
prepfold_timeseries_guppi_56880_IGRJ17511-3057_0001/guppi_56880_IGRJ17511-3057_0001_out_DM563.00_ACCEL_Cand_3.pfd.pdf
prepfold_timeseries_guppi_56880_IGRJ17511-3057_0001/guppi_56880_IGRJ17511-3057_0001_out_DM862.00_ACCEL_Cand_1.pfd.pdf
prepfold_timeseries_guppi_56880_IGRJ17511-3057_0001/guppi_56880_IGRJ17511-3057_0001_out_DM83.00_ACCEL_Cand_4.pfd.pdf
prepfold_timeseries_guppi_56880_IGRJ17511-3057_0001/guppi_56880_IGRJ17511-3057_0001_out_DM310.00_ACCEL_Cand_3.pfd.pdf
prepfold_timeseries_guppi_56880_IGRJ17511-3057_0001/guppi_56880_IGRJ17511-3057_0001_out_DM810.00_ACCEL_Cand_6.pfd.pdf
prepfold_timeseries_guppi_56880_IGRJ17511-3057_0001/guppi_56880_IGRJ17511-3057_0001_out_DM271.00_ACCEL_Cand_2.pfd.pdf
prepfold_timeseries_guppi_56880_IGRJ17511-3057_0001/guppi_56880_IGRJ17511-3057_0001_out_DM304.00_ACCEL_Cand_1.pfd.pdf
prepfold_timeseries_guppi_56880_IGRJ17511-3057_0001/guppi_56880_IGRJ17511-3057_0001_out_DM135.00_ACCEL_Cand_4.pfd.pdf
prepfold_timeseries_guppi_56880_IGRJ17511-3057_0001/guppi_56880_IGRJ17511-3057_0001_out_DM649.00_ACCEL_Cand_1.pfd.pdf
prepfold_timeseries_guppi_56880_IGRJ17511-3057_0001/guppi_56880_IGRJ17511-3057_0001_out_DM658.00_ACCEL_Cand_2.pfd.pdf
prepfold_timeseries_guppi_56880_IGRJ17511-3057_0001/guppi_56880_IGRJ17511-3057_0001_out_DM814.00_ACCEL_Cand_1.pfd.pdf
prepfold_timeseries_guppi_56880_IGRJ17511-3057_0001/guppi_56880_IGRJ17511-3057_0001_out_DM15.00_ACCEL_Cand_11.pfd.pdf
prepfold_timeseries_guppi_56880_IGRJ17511-3057_0001/guppi_56880_IGRJ17511-3057_0001_out_DM958.00_ACCEL_Cand_4.pfd.pdf
prepfold_timeseries_guppi_56880_IGRJ17511-3057_0001/guppi_56880_IGRJ17511-3057_0001_out_DM724.00_ACCEL_Cand_3.pfd.pdf
prepfold_timeseries_guppi_56880_IGRJ17511-3057_0001/guppi_56880_IGRJ17511-3057_0001_out_DM429.00_ACCEL_Cand_2.pfd.pdf
prepfold_timeseries_guppi_56880_IGRJ17511-3057_0001/guppi_56880_IGRJ17511-3057_0001_out_DM218.00_ACCEL_Cand_6.pfd.pdf
prepfold_timeseries_guppi_56880_IGRJ17511-3057_0001/guppi_56880_IGRJ17511-3057_0001_out_DM666.00_ACCEL_Cand_3.pfd.pdf
prepfold_timeseries_guppi_56880_IGRJ17511-3057_0001/guppi_56880_IGRJ17511-3057_0001_out_DM298.00_ACCEL_Cand_1.pfd.pdf
prepfold_timeseries_guppi_56880_IGRJ17511-3057_0001/guppi_56880_IGRJ17511-3057_0001_out_DM116.00_ACCEL_Cand_5.pfd.pdf
prepfold_timeseries_guppi_56880_IGRJ17511-3057_0001/guppi_56880_IGRJ17511-3057_0001_out_DM772.00_ACCEL_Cand_4.pfd.pdf
prepfold_timeseries_guppi_56880_IGRJ17511-3057_0001/guppi_56880_IGRJ17511-3057_0001_out_DM129.00_ACCEL_Cand_5.pfd.pdf
prepfold_timeseries_guppi_56880_IGRJ17511-3057_0001/guppi_56880_IGRJ17511-3057_0001_out_DM273.00_ACCEL_Cand_4.pfd.pdf
prepfold_timeseries_guppi_56880_IGRJ17511-3057_0001/guppi_56880_IGRJ17511-3057_0001_out_DM265.00_ACCEL_Cand_4.pfd.pdf
prepfold_timeseries_guppi_56880_IGRJ17511-3057_0001/guppi_56880_IGRJ17511-3057_0001_out_DM806.00_ACCEL_Cand_4.pfd.pdf
prepfold_timeseries_guppi_56880_IGRJ17511-3057_0001/guppi_56880_IGRJ17511-3057_0001_out_DM270.00_ACCEL_Cand_5.pfd.pdf
prepfold_timeseries_guppi_56880_IGRJ17511-3057_0001/guppi_56880_IGRJ17511-3057_0001_out_DM1006.00_ACCEL_Cand_3.pfd.pdf
prepfold_timeseries_guppi_56880_IGRJ17511-3057_0001/guppi_56880_IGRJ17511-3057_0001_out_DM61.00_ACCEL_Cand_3.pfd.pdf
prepfold_timeseries_guppi_56880_IGRJ17511-3057_0001/guppi_56880_IGRJ17511-3057_0001_out_DM154.00_ACCEL_Cand_5.pfd.pdf
prepfold_timeseries_guppi_56880_IGRJ17511-3057_0001/guppi_56880_IGRJ17511-3057_0001_out_DM45.00_ACCEL_Cand_1.pfd.pdf
prepfold_timeseries_guppi_56880_IGRJ17511-3057_0001/guppi_56880_IGRJ17511-3057_0001_out_DM96.00_ACCEL_Cand_13.pfd.pdf
prepfold_timeseries_guppi_56880_IGRJ17511-3057_0001/guppi_56880_IGRJ17511-3057_0001_out_DM982.00_ACCEL_Cand_2.pfd.pdf
prepfold_timeseries_guppi_56880_IGRJ17511-3057_0001/guppi_56880_IGRJ17511-3057_0001_out_DM596.00_ACCEL_Cand_1.pfd.pdf
prepfold_timeseries_guppi_56880_IGRJ17511-3057_0001/guppi_56880_IGRJ17511-3057_0001_out_DM378.00_ACCEL_Cand_4.pfd.pdf
prepfold_timeseries_guppi_56880_IGRJ17511-3057_0001/guppi_56880_IGRJ17511-3057_0001_out_DM920.00_ACCEL_Cand_3.pfd.pdf
prepfold_timeseries_guppi_56880_IGRJ17511-3057_0001/guppi_56880_IGRJ17511-3057_0001_out_DM379.00_ACCEL_Cand_3.pfd.pdf
prepfold_timeseries_guppi_56880_IGRJ17511-3057_0001/guppi_56880_IGRJ17511-3057_0001_out_DM783.00_ACCEL_Cand_3.pfd.pdf
prepfold_timeseries_guppi_56880_IGRJ17511-3057_0001/guppi_56880_IGRJ17511-3057_0001_out_DM505.00_ACCEL_Cand_1.pfd.pdf
prepfold_timeseries_guppi_56880_IGRJ17511-3057_0001/guppi_56880_IGRJ17511-3057_0001_out_DM870.00_ACCEL_Cand_1.pfd.pdf
prepfold_timeseries_guppi_56880_IGRJ17511-3057_0001/guppi_56880_IGRJ17511-3057_0001_out_DM275.00_ACCEL_Cand_5.pfd.pdf
prepfold_timeseries_guppi_56880_IGRJ17511-3057_0001/guppi_56880_IGRJ17511-3057_0001_out_DM729.00_ACCEL_Cand_3.pfd.pdf
prepfold_timeseries_guppi_56880_IGRJ17511-3057_0001/guppi_56880_IGRJ17511-3057_0001_out_DM119.00_ACCEL_Cand_5.pfd.pdf
prepfold_timeseries_guppi_56880_IGRJ17511-3057_0001/guppi_56880_IGRJ17511-3057_0001_out_DM219.00_ACCEL_Cand_3.pfd.pdf
prepfold_timeseries_guppi_56880_IGRJ17511-3057_0001/guppi_56880_IGRJ17511-3057_0001_out_DM187.00_ACCEL_Cand_6.pfd.pdf
prepfold_timeseries_guppi_56880_IGRJ17511-3057_0001/guppi_56880_IGRJ17511-3057_0001_out_DM455.00_ACCEL_Cand_2.pfd.pdf
prepfold_timeseries_guppi_56880_IGRJ17511-3057_0001/guppi_56880_IGRJ17511-3057_0001_out_DM82.00_ACCEL_Cand_2.pfd.pdf
prepfold_timeseries_guppi_56880_IGRJ17511-3057_0001/guppi_56880_IGRJ17511-3057_0001_out_DM896.00_ACCEL_Cand_1.pfd.pdf
prepfold_timeseries_guppi_56880_IGRJ17511-3057_0001/guppi_56880_IGRJ17511-3057_0001_out_DM893.00_ACCEL_Cand_4.pfd.pdf
prepfold_timeseries_guppi_56880_IGRJ17511-3057_0001/guppi_56880_IGRJ17511-3057_0001_out_DM905.00_ACCEL_Cand_6.pfd.pdf
prepfold_timeseries_guppi_56880_IGRJ17511-3057_0001/guppi_56880_IGRJ17511-3057_0001_out_DM923.00_ACCEL_Cand_2.pfd.pdf
prepfold_timeseries_guppi_56880_IGRJ17511-3057_0001/guppi_56880_IGRJ17511-3057_0001_out_DM798.00_ACCEL_Cand_4.pfd.pdf
prepfold_timeseries_guppi_56880_IGRJ17511-3057_0001/guppi_56880_IGRJ17511-3057_0001_out_DM602.00_ACCEL_Cand_3.pfd.pdf
prepfold_timeseries_guppi_56880_IGRJ17511-3057_0001/guppi_56880_IGRJ17511-3057_0001_out_DM749.00_ACCEL_Cand_2.pfd.pdf
prepfold_timeseries_guppi_56880_IGRJ17511-3057_0001/guppi_56880_IGRJ17511-3057_0001_out_DM574.00_ACCEL_Cand_3.pfd.pdf
prepfold_timeseries_guppi_56880_IGRJ17511-3057_0001/guppi_56880_IGRJ17511-3057_0001_out_DM12.00_ACCEL_Cand_1.pfd.pdf
prepfold_timeseries_guppi_56880_IGRJ17511-3057_0001/guppi_56880_IGRJ17511-3057_0001_out_DM252.00_ACCEL_Cand_4.pfd.pdf
prepfold_timeseries_guppi_56880_IGRJ17511-3057_0001/guppi_56880_IGRJ17511-3057_0001_out_DM501.00_ACCEL_Cand_1.pfd.pdf
prepfold_timeseries_guppi_56880_IGRJ17511-3057_0001/guppi_56880_IGRJ17511-3057_0001_out_DM730.00_ACCEL_Cand_2.pfd.pdf
prepfold_timeseries_guppi_56880_IGRJ17511-3057_0001/guppi_56880_IGRJ17511-3057_0001_out_DM523.00_ACCEL_Cand_1.pfd.pdf
prepfold_timeseries_guppi_56880_IGRJ17511-3057_0001/guppi_56880_IGRJ17511-3057_0001_out_DM187.00_ACCEL_Cand_7.pfd.pdf
prepfold_timeseries_guppi_56880_IGRJ17511-3057_0001/guppi_56880_IGRJ17511-3057_0001_out_DM752.00_ACCEL_Cand_4.pfd.pdf
prepfold_timeseries_guppi_56880_IGRJ17511-3057_0001/guppi_56880_IGRJ17511-3057_0001_out_DM771.00_ACCEL_Cand_9.pfd.pdf
prepfold_timeseries_guppi_56880_IGRJ17511-3057_0001/guppi_56880_IGRJ17511-3057_0001_out_DM17.00_ACCEL_Cand_15.pfd.pdf
prepfold_timeseries_guppi_56880_IGRJ17511-3057_0001/guppi_56880_IGRJ17511-3057_0001_out_DM87.00_ACCEL_Cand_9.pfd.pdf
prepfold_timeseries_guppi_56880_IGRJ17511-3057_0001/guppi_56880_IGRJ17511-3057_0001_out_DM3.00_ACCEL_Cand_51.pfd.pdf
prepfold_timeseries_guppi_56880_IGRJ17511-3057_0001/guppi_56880_IGRJ17511-3057_0001_out_DM526.00_ACCEL_Cand_2.pfd.pdf
prepfold_timeseries_guppi_56880_IGRJ17511-3057_0001/guppi_56880_IGRJ17511-3057_0001_out_DM613.00_ACCEL_Cand_3.pfd.pdf
prepfold_timeseries_guppi_56880_IGRJ17511-3057_0001/guppi_56880_IGRJ17511-3057_0001_out_DM1003.00_ACCEL_Cand_3.pfd.pdf
prepfold_timeseries_guppi_56880_IGRJ17511-3057_0001/guppi_56880_IGRJ17511-3057_0001_out_DM714.00_ACCEL_Cand_9.pfd.pdf
prepfold_timeseries_guppi_56880_IGRJ17511-3057_0001/guppi_56880_IGRJ17511-3057_0001_out_DM343.00_ACCEL_Cand_5.pfd.pdf
prepfold_timeseries_guppi_56880_IGRJ17511-3057_0001/guppi_56880_IGRJ17511-3057_0001_out_DM142.00_ACCEL_Cand_6.pfd.pdf
prepfold_timeseries_guppi_56880_IGRJ17511-3057_0001/guppi_56880_IGRJ17511-3057_0001_out_DM457.00_ACCEL_Cand_1.pfd.pdf
prepfold_timeseries_guppi_56880_IGRJ17511-3057_0001/guppi_56880_IGRJ17511-3057_0001_out_DM273.00_ACCEL_Cand_6.pfd.pdf
prepfold_timeseries_guppi_56880_IGRJ17511-3057_0001/guppi_56880_IGRJ17511-3057_0001_out_DM975.00_ACCEL_Cand_1.pfd.pdf
prepfold_timeseries_guppi_56880_IGRJ17511-3057_0001/guppi_56880_IGRJ17511-3057_0001_out_DM727.00_ACCEL_Cand_5.pfd.pdf
prepfold_timeseries_guppi_56880_IGRJ17511-3057_0001/guppi_56880_IGRJ17511-3057_0001_out_DM11.00_ACCEL_Cand_2.pfd.pdf
prepfold_timeseries_guppi_56880_IGRJ17511-3057_0001/guppi_56880_IGRJ17511-3057_0001_out_DM803.00_ACCEL_Cand_1.pfd.pdf
prepfold_timeseries_guppi_56880_IGRJ17511-3057_0001/guppi_56880_IGRJ17511-3057_0001_out_DM963.00_ACCEL_Cand_1.pfd.pdf
prepfold_timeseries_guppi_56880_IGRJ17511-3057_0001/guppi_56880_IGRJ17511-3057_0001_out_DM204.00_ACCEL_Cand_6.pfd.pdf
prepfold_timeseries_guppi_56880_IGRJ17511-3057_0001/guppi_56880_IGRJ17511-3057_0001_out_DM116.00_ACCEL_Cand_11.pfd.pdf
prepfold_timeseries_guppi_56880_IGRJ17511-3057_0001/guppi_56880_IGRJ17511-3057_0001_out_DM675.00_ACCEL_Cand_5.pfd.pdf
prepfold_timeseries_guppi_56880_IGRJ17511-3057_0001/guppi_56880_IGRJ17511-3057_0001_out_DM877.00_ACCEL_Cand_2.pfd.pdf
prepfold_timeseries_guppi_56880_IGRJ17511-3057_0001/guppi_56880_IGRJ17511-3057_0001_out_DM269.00_ACCEL_Cand_11.pfd.pdf
prepfold_timeseries_guppi_56880_IGRJ17511-3057_0001/guppi_56880_IGRJ17511-3057_0001_out_DM896.00_ACCEL_Cand_2.pfd.pdf
prepfold_timeseries_guppi_56880_IGRJ17511-3057_0001/guppi_56880_IGRJ17511-3057_0001_out_DM605.00_ACCEL_Cand_4.pfd.pdf
prepfold_timeseries_guppi_56880_IGRJ17511-3057_0001/guppi_56880_IGRJ17511-3057_0001_out_DM786.00_ACCEL_Cand_1.pfd.pdf
prepfold_timeseries_guppi_56880_IGRJ17511-3057_0001/guppi_56880_IGRJ17511-3057_0001_out_DM386.00_ACCEL_Cand_4.pfd.pdf
prepfold_timeseries_guppi_56880_IGRJ17511-3057_0001/guppi_56880_IGRJ17511-3057_0001_out_DM455.00_ACCEL_Cand_3.pfd.pdf
prepfold_timeseries_guppi_56880_IGRJ17511-3057_0001/guppi_56880_IGRJ17511-3057_0001_out_DM271.00_ACCEL_Cand_6.pfd.pdf
prepfold_timeseries_guppi_56880_IGRJ17511-3057_0001/guppi_56880_IGRJ17511-3057_0001_out_DM5.00_ACCEL_Cand_31.pfd.pdf
prepfold_timeseries_guppi_56880_IGRJ17511-3057_0001/guppi_56880_IGRJ17511-3057_0001_out_DM491.00_ACCEL_Cand_1.pfd.pdf
prepfold_timeseries_guppi_56880_IGRJ17511-3057_0001/guppi_56880_IGRJ17511-3057_0001_out_DM665.00_ACCEL_Cand_2.pfd.pdf
prepfold_timeseries_guppi_56880_IGRJ17511-3057_0001/guppi_56880_IGRJ17511-3057_0001_out_DM219.00_ACCEL_Cand_9.pfd.pdf
prepfold_timeseries_guppi_56880_IGRJ17511-3057_0001/guppi_56880_IGRJ17511-3057_0001_out_DM280.00_ACCEL_Cand_4.pfd.pdf
prepfold_timeseries_guppi_56880_IGRJ17511-3057_0001/guppi_56880_IGRJ17511-3057_0001_out_DM593.00_ACCEL_Cand_7.pfd.pdf
prepfold_timeseries_guppi_56880_IGRJ17511-3057_0001/guppi_56880_IGRJ17511-3057_0001_out_DM101.00_ACCEL_Cand_7.pfd.pdf
prepfold_timeseries_guppi_56880_IGRJ17511-3057_0001/guppi_56880_IGRJ17511-3057_0001_out_DM480.00_ACCEL_Cand_1.pfd.pdf
prepfold_timeseries_guppi_56880_IGRJ17511-3057_0001/guppi_56880_IGRJ17511-3057_0001_out_DM24.00_ACCEL_Cand_2.pfd.pdf
prepfold_timeseries_guppi_56880_IGRJ17511-3057_0001/guppi_56880_IGRJ17511-3057_0001_out_DM107.00_ACCEL_Cand_6.pfd.pdf
prepfold_timeseries_guppi_56880_IGRJ17511-3057_0001/guppi_56880_IGRJ17511-3057_0001_out_DM100.00_ACCEL_Cand_3.pfd.pdf
prepfold_timeseries_guppi_56880_IGRJ17511-3057_0001/guppi_56880_IGRJ17511-3057_0001_out_DM667.00_ACCEL_Cand_2.pfd.pdf
prepfold_timeseries_guppi_56880_IGRJ17511-3057_0001/guppi_56880_IGRJ17511-3057_0001_out_DM725.00_ACCEL_Cand_7.pfd.pdf
prepfold_timeseries_guppi_56880_IGRJ17511-3057_0001/guppi_56880_IGRJ17511-3057_0001_out_DM1006.00_ACCEL_Cand_5.pfd.pdf
prepfold_timeseries_guppi_56880_IGRJ17511-3057_0001/guppi_56880_IGRJ17511-3057_0001_out_DM514.00_ACCEL_Cand_2.pfd.pdf
prepfold_timeseries_guppi_56880_IGRJ17511-3057_0001/guppi_56880_IGRJ17511-3057_0001_out_DM81.00_ACCEL_Cand_12.pfd.pdf
prepfold_timeseries_guppi_56880_IGRJ17511-3057_0001/guppi_56880_IGRJ17511-3057_0001_out_DM479.00_ACCEL_Cand_2.pfd.pdf
prepfold_timeseries_guppi_56880_IGRJ17511-3057_0001/guppi_56880_IGRJ17511-3057_0001_out_DM431.00_ACCEL_Cand_1.pfd.pdf
prepfold_timeseries_guppi_56880_IGRJ17511-3057_0001/guppi_56880_IGRJ17511-3057_0001_out_DM796.00_ACCEL_Cand_1.pfd.pdf
prepfold_timeseries_guppi_56880_IGRJ17511-3057_0001/guppi_56880_IGRJ17511-3057_0001_out_DM824.00_ACCEL_Cand_3.pfd.pdf
prepfold_timeseries_guppi_56880_IGRJ17511-3057_0001/guppi_56880_IGRJ17511-3057_0001_out_DM905.00_ACCEL_Cand_2.pfd.pdf
prepfold_timeseries_guppi_56880_IGRJ17511-3057_0001/guppi_56880_IGRJ17511-3057_0001_out_DM145.00_ACCEL_Cand_7.pfd.pdf
prepfold_timeseries_guppi_56880_IGRJ17511-3057_0001/guppi_56880_IGRJ17511-3057_0001_out_DM20.00_ACCEL_Cand_4.pfd.pdf
prepfold_timeseries_guppi_56880_IGRJ17511-3057_0001/guppi_56880_IGRJ17511-3057_0001_out_DM245.00_ACCEL_Cand_4.pfd.pdf
prepfold_timeseries_guppi_56880_IGRJ17511-3057_0001/guppi_56880_IGRJ17511-3057_0001_out_DM216.00_ACCEL_Cand_8.pfd.pdf
prepfold_timeseries_guppi_56880_IGRJ17511-3057_0001/guppi_56880_IGRJ17511-3057_0001_out_DM907.00_ACCEL_Cand_2.pfd.pdf
prepfold_timeseries_guppi_56880_IGRJ17511-3057_0001/guppi_56880_IGRJ17511-3057_0001_out_DM957.00_ACCEL_Cand_2.pfd.pdf
prepfold_timeseries_guppi_56880_IGRJ17511-3057_0001/guppi_56880_IGRJ17511-3057_0001_out_DM160.00_ACCEL_Cand_3.pfd.pdf
prepfold_timeseries_guppi_56880_IGRJ17511-3057_0001/guppi_56880_IGRJ17511-3057_0001_out_DM613.00_ACCEL_Cand_6.pfd.pdf
prepfold_timeseries_guppi_56880_IGRJ17511-3057_0001/guppi_56880_IGRJ17511-3057_0001_out_DM594.00_ACCEL_Cand_2.pfd.pdf
prepfold_timeseries_guppi_56880_IGRJ17511-3057_0001/guppi_56880_IGRJ17511-3057_0001_out_DM203.00_ACCEL_Cand_6.pfd.pdf
prepfold_timeseries_guppi_56880_IGRJ17511-3057_0001/guppi_56880_IGRJ17511-3057_0001_out_DM212.00_ACCEL_Cand_5.pfd.pdf
prepfold_timeseries_guppi_56880_IGRJ17511-3057_0001/guppi_56880_IGRJ17511-3057_0001_out_DM18.00_ACCEL_Cand_5.pfd.pdf
prepfold_timeseries_guppi_56880_IGRJ17511-3057_0001/guppi_56880_IGRJ17511-3057_0001_out_DM721.00_ACCEL_Cand_4.pfd.pdf
prepfold_timeseries_guppi_56880_IGRJ17511-3057_0001/guppi_56880_IGRJ17511-3057_0001_out_DM559.00_ACCEL_Cand_3.pfd.pdf
prepfold_timeseries_guppi_56880_IGRJ17511-3057_0001/guppi_56880_IGRJ17511-3057_0001_out_DM419.00_ACCEL_Cand_1.pfd.pdf
prepfold_timeseries_guppi_56880_IGRJ17511-3057_0001/guppi_56880_IGRJ17511-3057_0001_out_DM113.00_ACCEL_Cand_14.pfd.pdf
prepfold_timeseries_guppi_56880_IGRJ17511-3057_0001/guppi_56880_IGRJ17511-3057_0001_out_DM280.00_ACCEL_Cand_5.pfd.pdf
prepfold_timeseries_guppi_56880_IGRJ17511-3057_0001/guppi_56880_IGRJ17511-3057_0001_out_DM222.00_ACCEL_Cand_3.pfd.pdf
prepfold_timeseries_guppi_56880_IGRJ17511-3057_0001/guppi_56880_IGRJ17511-3057_0001_out_DM721.00_ACCEL_Cand_3.pfd.pdf
prepfold_timeseries_guppi_56880_IGRJ17511-3057_0001/guppi_56880_IGRJ17511-3057_0001_out_DM836.00_ACCEL_Cand_5.pfd.pdf
rm: cannot remove `*.pfd': No such file or directory
rm: cannot remove `*out**.ps': No such file or directory
[('--folder_tag', '20140811'), ('--file_tag', 'guppi_56880_IGRJ17511-3057_0001_0001.fits')]
/lustre/pulsar/scratch/ajaodand/GBT14B-036_AMXPs/20140811/guppi_56880_IGRJ17511-3057_0001_000[1-3].fits
guppi_56880_IGRJ17511-3057_0001_out
15728640
ls *.ps | xargs -n 1 ps2pdf
