/lustre/pulsar/scratch/ajaodand/GBT14B-036_AMXPs/20140721/guppi_56859_XTEJ1814-338_0003_0001.fits
/lustre/pulsar/scratch/ajaodand/GBT14B-036_AMXPs/20140721/guppi_56859_XTEJ1814-338_0003_0002.fits
/lustre/pulsar/scratch/ajaodand/GBT14B-036_AMXPs/20140721/guppi_56859_XTEJ1814-338_0003_0003.fits


               Pulsar Data RFI Finder
                 by Scott M. Ransom

Assuming the data are PSRFITS format...
Reading PSRFITS data from 3 files:
  '/lustre/pulsar/scratch/ajaodand/GBT14B-036_AMXPs/20140721/guppi_56859_XTEJ1814-338_0003_0001.fits'
  '/lustre/pulsar/scratch/ajaodand/GBT14B-036_AMXPs/20140721/guppi_56859_XTEJ1814-338_0003_0002.fits'
  '/lustre/pulsar/scratch/ajaodand/GBT14B-036_AMXPs/20140721/guppi_56859_XTEJ1814-338_0003_0003.fits'

Warning!:  NSUBOFFS reports 1280 previous rows
           but OFFS_SUB implies 1284.  Using OFFS_SUB.
           Will likely be able to correct for this.
Warning!:  NSUBOFFS reports 2560 previous rows
           but OFFS_SUB implies 2568.  Using OFFS_SUB.
           Will likely be able to correct for this.
    Number of files = 3
       Num of polns = 2 (summed)
  Center freq (MHz) = 2000
    Num of channels = 2048
    Sample time (s) = 6.144e-05     
     Spectra/subint = 4096
   Total points (N) = 15761408
     Total time (s) = 968.38090752  
     Clipping sigma = 6.000
   Invert the band? = False
          Byteswap? = False
     Remove zeroDM? = False
     Apply scaling? = False
     Apply offsets? = False
     Apply weights? = True

File  Start Spec   Samples     Padding        Start MJD
----  ----------  ----------  ----------  --------------------
1              0     5242880       16384  56859.09468750000000
2        5259264     5242880       16384  56859.09842742106667
3       10518528     5242880           0  56859.10216734213333

Analyzing data sections of length 32768 points (2.01327 sec).
  Prime factors are:  2 2 2 2 2 2 2 2 2 2 2 2 2 2 2 

Writing mask data  to 'guppi_56859_XTEJ1814-338_0003_rfifind.mask'.
Writing  RFI data  to 'guppi_56859_XTEJ1814-338_0003_rfifind.rfi'.
Writing statistics to 'guppi_56859_XTEJ1814-338_0003_rfifind.stats'.

Massaging the data ...

Amount Complete =   0%Amount Complete =   1%Amount Complete =   2%Amount Complete =   3%Amount Complete =   4%