/lustre/pulsar/scratch/ajaodand/GBT14B-036_AMXPs/20140721/guppi_56859_SwiftJ1749.4-2807_0002_0001.fits
/lustre/pulsar/scratch/ajaodand/GBT14B-036_AMXPs/20140721/guppi_56859_SwiftJ1749.4-2807_0002_0002.fits
/lustre/pulsar/scratch/ajaodand/GBT14B-036_AMXPs/20140721/guppi_56859_SwiftJ1749.4-2807_0002_0003.fits
mv: cannot stat `*.pfd.pdf*': No such file or directory
prepfold_timeseries_guppi_56859_SwiftJ1749.4-2807_0002/
prepfold_timeseries_guppi_56859_SwiftJ1749.4-2807_0002/guppi_56859_SwiftJ1749.4-2807_0002_out_DM326.00_ACCEL_Cand_5.pfd.pdf
prepfold_timeseries_guppi_56859_SwiftJ1749.4-2807_0002/guppi_56859_SwiftJ1749.4-2807_0002_out_DM342.00_ACCEL_Cand_4.pfd.pdf
prepfold_timeseries_guppi_56859_SwiftJ1749.4-2807_0002/guppi_56859_SwiftJ1749.4-2807_0002_out_DM103.00_ACCEL_Cand_8.pfd.pdf
prepfold_timeseries_guppi_56859_SwiftJ1749.4-2807_0002/guppi_56859_SwiftJ1749.4-2807_0002_out_DM173.00_ACCEL_Cand_1.pfd.pdf
prepfold_timeseries_guppi_56859_SwiftJ1749.4-2807_0002/guppi_56859_SwiftJ1749.4-2807_0002_out_DM766.00_ACCEL_Cand_5.pfd.pdf
prepfold_timeseries_guppi_56859_SwiftJ1749.4-2807_0002/guppi_56859_SwiftJ1749.4-2807_0002_out_DM525.00_ACCEL_Cand_5.pfd.pdf
prepfold_timeseries_guppi_56859_SwiftJ1749.4-2807_0002/guppi_56859_SwiftJ1749.4-2807_0002_out_DM101.00_ACCEL_Cand_2.pfd.pdf
prepfold_timeseries_guppi_56859_SwiftJ1749.4-2807_0002/guppi_56859_SwiftJ1749.4-2807_0002_out_DM931.00_ACCEL_Cand_8.pfd.pdf
prepfold_timeseries_guppi_56859_SwiftJ1749.4-2807_0002/guppi_56859_SwiftJ1749.4-2807_0002_out_DM756.00_ACCEL_Cand_5.pfd.pdf
prepfold_timeseries_guppi_56859_SwiftJ1749.4-2807_0002/guppi_56859_SwiftJ1749.4-2807_0002_out_DM733.00_ACCEL_Cand_9.pfd.pdf
prepfold_timeseries_guppi_56859_SwiftJ1749.4-2807_0002/guppi_56859_SwiftJ1749.4-2807_0002_out_DM469.00_ACCEL_Cand_5.pfd.pdf
prepfold_timeseries_guppi_56859_SwiftJ1749.4-2807_0002/guppi_56859_SwiftJ1749.4-2807_0002_out_DM942.00_ACCEL_Cand_6.pfd.pdf
prepfold_timeseries_guppi_56859_SwiftJ1749.4-2807_0002/guppi_56859_SwiftJ1749.4-2807_0002_out_DM684.00_ACCEL_Cand_3.pfd.pdf
prepfold_timeseries_guppi_56859_SwiftJ1749.4-2807_0002/guppi_56859_SwiftJ1749.4-2807_0002_out_DM47.00_ACCEL_Cand_4.pfd.pdf
prepfold_timeseries_guppi_56859_SwiftJ1749.4-2807_0002/guppi_56859_SwiftJ1749.4-2807_0002_out_DM896.00_ACCEL_Cand_4.pfd.pdf
prepfold_timeseries_guppi_56859_SwiftJ1749.4-2807_0002/guppi_56859_SwiftJ1749.4-2807_0002_out_DM890.00_ACCEL_Cand_1.pfd.pdf
prepfold_timeseries_guppi_56859_SwiftJ1749.4-2807_0002/guppi_56859_SwiftJ1749.4-2807_0002_out_DM418.00_ACCEL_Cand_6.pfd.pdf
prepfold_timeseries_guppi_56859_SwiftJ1749.4-2807_0002/guppi_56859_SwiftJ1749.4-2807_0002_out_DM733.00_ACCEL_Cand_1.pfd.pdf
prepfold_timeseries_guppi_56859_SwiftJ1749.4-2807_0002/guppi_56859_SwiftJ1749.4-2807_0002_out_DM937.00_ACCEL_Cand_8.pfd.pdf
prepfold_timeseries_guppi_56859_SwiftJ1749.4-2807_0002/guppi_56859_SwiftJ1749.4-2807_0002_out_DM120.00_ACCEL_Cand_3.pfd.pdf
prepfold_timeseries_guppi_56859_SwiftJ1749.4-2807_0002/guppi_56859_SwiftJ1749.4-2807_0002_out_DM832.00_ACCEL_Cand_7.pfd.pdf
prepfold_timeseries_guppi_56859_SwiftJ1749.4-2807_0002/guppi_56859_SwiftJ1749.4-2807_0002_out_DM361.00_ACCEL_Cand_4.pfd.pdf
prepfold_timeseries_guppi_56859_SwiftJ1749.4-2807_0002/guppi_56859_SwiftJ1749.4-2807_0002_out_DM568.00_ACCEL_Cand_3.pfd.pdf
prepfold_timeseries_guppi_56859_SwiftJ1749.4-2807_0002/guppi_56859_SwiftJ1749.4-2807_0002_out_DM505.00_ACCEL_Cand_3.pfd.pdf
prepfold_timeseries_guppi_56859_SwiftJ1749.4-2807_0002/guppi_56859_SwiftJ1749.4-2807_0002_out_DM820.00_ACCEL_Cand_3.pfd.pdf
prepfold_timeseries_guppi_56859_SwiftJ1749.4-2807_0002/guppi_56859_SwiftJ1749.4-2807_0002_out_DM223.00_ACCEL_Cand_2.pfd.pdf
prepfold_timeseries_guppi_56859_SwiftJ1749.4-2807_0002/guppi_56859_SwiftJ1749.4-2807_0002_out_DM319.00_ACCEL_Cand_4.pfd.pdf
prepfold_timeseries_guppi_56859_SwiftJ1749.4-2807_0002/guppi_56859_SwiftJ1749.4-2807_0002_out_DM4.00_ACCEL_Cand_2.pfd.pdf
prepfold_timeseries_guppi_56859_SwiftJ1749.4-2807_0002/guppi_56859_SwiftJ1749.4-2807_0002_out_DM302.00_ACCEL_Cand_3.pfd.pdf
prepfold_timeseries_guppi_56859_SwiftJ1749.4-2807_0002/guppi_56859_SwiftJ1749.4-2807_0002_out_DM408.00_ACCEL_Cand_3.pfd.pdf
prepfold_timeseries_guppi_56859_SwiftJ1749.4-2807_0002/guppi_56859_SwiftJ1749.4-2807_0002_out_DM5.00_ACCEL_Cand_3.pfd.pdf
prepfold_timeseries_guppi_56859_SwiftJ1749.4-2807_0002/guppi_56859_SwiftJ1749.4-2807_0002_out_DM593.00_ACCEL_Cand_9.pfd.pdf
prepfold_timeseries_guppi_56859_SwiftJ1749.4-2807_0002/guppi_56859_SwiftJ1749.4-2807_0002_out_DM636.00_ACCEL_Cand_3.pfd.pdf
prepfold_timeseries_guppi_56859_SwiftJ1749.4-2807_0002/guppi_56859_SwiftJ1749.4-2807_0002_out_DM216.00_ACCEL_Cand_1.pfd.pdf
prepfold_timeseries_guppi_56859_SwiftJ1749.4-2807_0002/guppi_56859_SwiftJ1749.4-2807_0002_out_DM429.00_ACCEL_Cand_12.pfd.pdf
prepfold_timeseries_guppi_56859_SwiftJ1749.4-2807_0002/guppi_56859_SwiftJ1749.4-2807_0002_out_DM100.00_ACCEL_Cand_2.pfd.pdf
prepfold_timeseries_guppi_56859_SwiftJ1749.4-2807_0002/guppi_56859_SwiftJ1749.4-2807_0002_out_DM933.00_ACCEL_Cand_5.pfd.pdf
prepfold_timeseries_guppi_56859_SwiftJ1749.4-2807_0002/guppi_56859_SwiftJ1749.4-2807_0002_out_DM742.00_ACCEL_Cand_3.pfd.pdf
prepfold_timeseries_guppi_56859_SwiftJ1749.4-2807_0002/guppi_56859_SwiftJ1749.4-2807_0002_out_DM35.00_ACCEL_Cand_8.pfd.pdf
prepfold_timeseries_guppi_56859_SwiftJ1749.4-2807_0002/guppi_56859_SwiftJ1749.4-2807_0002_out_DM413.00_ACCEL_Cand_7.pfd.pdf
prepfold_timeseries_guppi_56859_SwiftJ1749.4-2807_0002/guppi_56859_SwiftJ1749.4-2807_0002_out_DM299.00_ACCEL_Cand_1.pfd.pdf
prepfold_timeseries_guppi_56859_SwiftJ1749.4-2807_0002/guppi_56859_SwiftJ1749.4-2807_0002_out_DM658.00_ACCEL_Cand_11.pfd.pdf
prepfold_timeseries_guppi_56859_SwiftJ1749.4-2807_0002/guppi_56859_SwiftJ1749.4-2807_0002_out_DM140.00_ACCEL_Cand_2.pfd.pdf
prepfold_timeseries_guppi_56859_SwiftJ1749.4-2807_0002/guppi_56859_SwiftJ1749.4-2807_0002_out_DM891.00_ACCEL_Cand_3.pfd.pdf
prepfold_timeseries_guppi_56859_SwiftJ1749.4-2807_0002/guppi_56859_SwiftJ1749.4-2807_0002_out_DM580.00_ACCEL_Cand_5.pfd.pdf
prepfold_timeseries_guppi_56859_SwiftJ1749.4-2807_0002/guppi_56859_SwiftJ1749.4-2807_0002_out_DM428.00_ACCEL_Cand_20.pfd.pdf
prepfold_timeseries_guppi_56859_SwiftJ1749.4-2807_0002/guppi_56859_SwiftJ1749.4-2807_0002_out_DM436.00_ACCEL_Cand_6.pfd.pdf
prepfold_timeseries_guppi_56859_SwiftJ1749.4-2807_0002/guppi_56859_SwiftJ1749.4-2807_0002_out_DM602.00_ACCEL_Cand_3.pfd.pdf
prepfold_timeseries_guppi_56859_SwiftJ1749.4-2807_0002/guppi_56859_SwiftJ1749.4-2807_0002_out_DM421.00_ACCEL_Cand_4.pfd.pdf
prepfold_timeseries_guppi_56859_SwiftJ1749.4-2807_0002/guppi_56859_SwiftJ1749.4-2807_0002_out_DM976.00_ACCEL_Cand_9.pfd.pdf
prepfold_timeseries_guppi_56859_SwiftJ1749.4-2807_0002/guppi_56859_SwiftJ1749.4-2807_0002_out_DM209.00_ACCEL_Cand_2.pfd.pdf
prepfold_timeseries_guppi_56859_SwiftJ1749.4-2807_0002/guppi_56859_SwiftJ1749.4-2807_0002_out_DM645.00_ACCEL_Cand_6.pfd.pdf
prepfold_timeseries_guppi_56859_SwiftJ1749.4-2807_0002/guppi_56859_SwiftJ1749.4-2807_0002_out_DM13.00_ACCEL_Cand_1.pfd.pdf
prepfold_timeseries_guppi_56859_SwiftJ1749.4-2807_0002/guppi_56859_SwiftJ1749.4-2807_0002_out_DM538.00_ACCEL_Cand_6.pfd.pdf
prepfold_timeseries_guppi_56859_SwiftJ1749.4-2807_0002/guppi_56859_SwiftJ1749.4-2807_0002_out_DM862.00_ACCEL_Cand_5.pfd.pdf
prepfold_timeseries_guppi_56859_SwiftJ1749.4-2807_0002/guppi_56859_SwiftJ1749.4-2807_0002_out_DM143.00_ACCEL_Cand_7.pfd.pdf
prepfold_timeseries_guppi_56859_SwiftJ1749.4-2807_0002/guppi_56859_SwiftJ1749.4-2807_0002_out_DM841.00_ACCEL_Cand_4.pfd.pdf
prepfold_timeseries_guppi_56859_SwiftJ1749.4-2807_0002/guppi_56859_SwiftJ1749.4-2807_0002_out_DM399.00_ACCEL_Cand_3.pfd.pdf
prepfold_timeseries_guppi_56859_SwiftJ1749.4-2807_0002/guppi_56859_SwiftJ1749.4-2807_0002_out_DM590.00_ACCEL_Cand_4.pfd.pdf
prepfold_timeseries_guppi_56859_SwiftJ1749.4-2807_0002/guppi_56859_SwiftJ1749.4-2807_0002_out_DM302.00_ACCEL_Cand_7.pfd.pdf
prepfold_timeseries_guppi_56859_SwiftJ1749.4-2807_0002/guppi_56859_SwiftJ1749.4-2807_0002_out_DM831.00_ACCEL_Cand_3.pfd.pdf
prepfold_timeseries_guppi_56859_SwiftJ1749.4-2807_0002/guppi_56859_SwiftJ1749.4-2807_0002_out_DM659.00_ACCEL_Cand_6.pfd.pdf
prepfold_timeseries_guppi_56859_SwiftJ1749.4-2807_0002/guppi_56859_SwiftJ1749.4-2807_0002_out_DM510.00_ACCEL_Cand_5.pfd.pdf
prepfold_timeseries_guppi_56859_SwiftJ1749.4-2807_0002/guppi_56859_SwiftJ1749.4-2807_0002_out_DM662.00_ACCEL_Cand_5.pfd.pdf
prepfold_timeseries_guppi_56859_SwiftJ1749.4-2807_0002/guppi_56859_SwiftJ1749.4-2807_0002_out_DM349.00_ACCEL_Cand_7.pfd.pdf
prepfold_timeseries_guppi_56859_SwiftJ1749.4-2807_0002/guppi_56859_SwiftJ1749.4-2807_0002_out_DM756.00_ACCEL_Cand_3.pfd.pdf
prepfold_timeseries_guppi_56859_SwiftJ1749.4-2807_0002/guppi_56859_SwiftJ1749.4-2807_0002_out_DM140.00_ACCEL_Cand_4.pfd.pdf
prepfold_timeseries_guppi_56859_SwiftJ1749.4-2807_0002/guppi_56859_SwiftJ1749.4-2807_0002_out_DM528.00_ACCEL_Cand_12.pfd.pdf
prepfold_timeseries_guppi_56859_SwiftJ1749.4-2807_0002/guppi_56859_SwiftJ1749.4-2807_0002_out_DM888.00_ACCEL_Cand_6.pfd.pdf
prepfold_timeseries_guppi_56859_SwiftJ1749.4-2807_0002/guppi_56859_SwiftJ1749.4-2807_0002_out_DM217.00_ACCEL_Cand_6.pfd.pdf
prepfold_timeseries_guppi_56859_SwiftJ1749.4-2807_0002/guppi_56859_SwiftJ1749.4-2807_0002_out_DM401.00_ACCEL_Cand_3.pfd.pdf
prepfold_timeseries_guppi_56859_SwiftJ1749.4-2807_0002/guppi_56859_SwiftJ1749.4-2807_0002_out_DM81.00_ACCEL_Cand_7.pfd.pdf
prepfold_timeseries_guppi_56859_SwiftJ1749.4-2807_0002/guppi_56859_SwiftJ1749.4-2807_0002_out_DM3.00_ACCEL_Cand_9.pfd.pdf
prepfold_timeseries_guppi_56859_SwiftJ1749.4-2807_0002/guppi_56859_SwiftJ1749.4-2807_0002_out_DM4.00_ACCEL_Cand_4.pfd.pdf
prepfold_timeseries_guppi_56859_SwiftJ1749.4-2807_0002/guppi_56859_SwiftJ1749.4-2807_0002_out_DM695.00_ACCEL_Cand_4.pfd.pdf
prepfold_timeseries_guppi_56859_SwiftJ1749.4-2807_0002/guppi_56859_SwiftJ1749.4-2807_0002_out_DM406.00_ACCEL_Cand_3.pfd.pdf
prepfold_timeseries_guppi_56859_SwiftJ1749.4-2807_0002/guppi_56859_SwiftJ1749.4-2807_0002_out_DM531.00_ACCEL_Cand_10.pfd.pdf
prepfold_timeseries_guppi_56859_SwiftJ1749.4-2807_0002/guppi_56859_SwiftJ1749.4-2807_0002_out_DM5.00_ACCEL_Cand_1.pfd.pdf
prepfold_timeseries_guppi_56859_SwiftJ1749.4-2807_0002/guppi_56859_SwiftJ1749.4-2807_0002_out_DM9.00_ACCEL_Cand_4.pfd.pdf
prepfold_timeseries_guppi_56859_SwiftJ1749.4-2807_0002/guppi_56859_SwiftJ1749.4-2807_0002_out_DM527.00_ACCEL_Cand_10.pfd.pdf
prepfold_timeseries_guppi_56859_SwiftJ1749.4-2807_0002/guppi_56859_SwiftJ1749.4-2807_0002_out_DM87.00_ACCEL_Cand_7.pfd.pdf
prepfold_timeseries_guppi_56859_SwiftJ1749.4-2807_0002/guppi_56859_SwiftJ1749.4-2807_0002_out_DM3.00_ACCEL_Cand_11.pfd.pdf
prepfold_timeseries_guppi_56859_SwiftJ1749.4-2807_0002/guppi_56859_SwiftJ1749.4-2807_0002_out_DM265.00_ACCEL_Cand_23.pfd.pdf
prepfold_timeseries_guppi_56859_SwiftJ1749.4-2807_0002/guppi_56859_SwiftJ1749.4-2807_0002_out_DM409.00_ACCEL_Cand_8.pfd.pdf
prepfold_timeseries_guppi_56859_SwiftJ1749.4-2807_0002/guppi_56859_SwiftJ1749.4-2807_0002_out_DM267.00_ACCEL_Cand_7.pfd.pdf
prepfold_timeseries_guppi_56859_SwiftJ1749.4-2807_0002/guppi_56859_SwiftJ1749.4-2807_0002_out_DM718.00_ACCEL_Cand_5.pfd.pdf
prepfold_timeseries_guppi_56859_SwiftJ1749.4-2807_0002/guppi_56859_SwiftJ1749.4-2807_0002_out_DM862.00_ACCEL_Cand_6.pfd.pdf
prepfold_timeseries_guppi_56859_SwiftJ1749.4-2807_0002/guppi_56859_SwiftJ1749.4-2807_0002_out_DM43.00_ACCEL_Cand_2.pfd.pdf
prepfold_timeseries_guppi_56859_SwiftJ1749.4-2807_0002/guppi_56859_SwiftJ1749.4-2807_0002_out_DM280.00_ACCEL_Cand_3.pfd.pdf
prepfold_timeseries_guppi_56859_SwiftJ1749.4-2807_0002/guppi_56859_SwiftJ1749.4-2807_0002_out_DM815.00_ACCEL_Cand_3.pfd.pdf
prepfold_timeseries_guppi_56859_SwiftJ1749.4-2807_0002/guppi_56859_SwiftJ1749.4-2807_0002_out_DM152.00_ACCEL_Cand_2.pfd.pdf
prepfold_timeseries_guppi_56859_SwiftJ1749.4-2807_0002/guppi_56859_SwiftJ1749.4-2807_0002_out_DM268.00_ACCEL_Cand_10.pfd.pdf
prepfold_timeseries_guppi_56859_SwiftJ1749.4-2807_0002/guppi_56859_SwiftJ1749.4-2807_0002_out_DM462.00_ACCEL_Cand_10.pfd.pdf
prepfold_timeseries_guppi_56859_SwiftJ1749.4-2807_0002/guppi_56859_SwiftJ1749.4-2807_0002_out_DM348.00_ACCEL_Cand_2.pfd.pdf
prepfold_timeseries_guppi_56859_SwiftJ1749.4-2807_0002/guppi_56859_SwiftJ1749.4-2807_0002_out_DM345.00_ACCEL_Cand_9.pfd.pdf
prepfold_timeseries_guppi_56859_SwiftJ1749.4-2807_0002/guppi_56859_SwiftJ1749.4-2807_0002_out_DM706.00_ACCEL_Cand_4.pfd.pdf
prepfold_timeseries_guppi_56859_SwiftJ1749.4-2807_0002/guppi_56859_SwiftJ1749.4-2807_0002_out_DM418.00_ACCEL_Cand_3.pfd.pdf
prepfold_timeseries_guppi_56859_SwiftJ1749.4-2807_0002/guppi_56859_SwiftJ1749.4-2807_0002_out_DM661.00_ACCEL_Cand_5.pfd.pdf
prepfold_timeseries_guppi_56859_SwiftJ1749.4-2807_0002/guppi_56859_SwiftJ1749.4-2807_0002_out_DM218.00_ACCEL_Cand_2.pfd.pdf
prepfold_timeseries_guppi_56859_SwiftJ1749.4-2807_0002/guppi_56859_SwiftJ1749.4-2807_0002_out_DM18.00_ACCEL_Cand_1.pfd.pdf
prepfold_timeseries_guppi_56859_SwiftJ1749.4-2807_0002/guppi_56859_SwiftJ1749.4-2807_0002_out_DM237.00_ACCEL_Cand_1.pfd.pdf
prepfold_timeseries_guppi_56859_SwiftJ1749.4-2807_0002/guppi_56859_SwiftJ1749.4-2807_0002_out_DM96.00_ACCEL_Cand_4.pfd.pdf
prepfold_timeseries_guppi_56859_SwiftJ1749.4-2807_0002/guppi_56859_SwiftJ1749.4-2807_0002_out_DM935.00_ACCEL_Cand_6.pfd.pdf
prepfold_timeseries_guppi_56859_SwiftJ1749.4-2807_0002/guppi_56859_SwiftJ1749.4-2807_0002_out_DM200.00_ACCEL_Cand_4.pfd.pdf
prepfold_timeseries_guppi_56859_SwiftJ1749.4-2807_0002/guppi_56859_SwiftJ1749.4-2807_0002_out_DM558.00_ACCEL_Cand_6.pfd.pdf
prepfold_timeseries_guppi_56859_SwiftJ1749.4-2807_0002/guppi_56859_SwiftJ1749.4-2807_0002_out_DM38.00_ACCEL_Cand_4.pfd.pdf
prepfold_timeseries_guppi_56859_SwiftJ1749.4-2807_0002/guppi_56859_SwiftJ1749.4-2807_0002_out_DM252.00_ACCEL_Cand_1.pfd.pdf
prepfold_timeseries_guppi_56859_SwiftJ1749.4-2807_0002/guppi_56859_SwiftJ1749.4-2807_0002_out_DM788.00_ACCEL_Cand_3.pfd.pdf
prepfold_timeseries_guppi_56859_SwiftJ1749.4-2807_0002/guppi_56859_SwiftJ1749.4-2807_0002_out_DM144.00_ACCEL_Cand_4.pfd.pdf
prepfold_timeseries_guppi_56859_SwiftJ1749.4-2807_0002/guppi_56859_SwiftJ1749.4-2807_0002_out_DM500.00_ACCEL_Cand_4.pfd.pdf
prepfold_timeseries_guppi_56859_SwiftJ1749.4-2807_0002/guppi_56859_SwiftJ1749.4-2807_0002_out_DM307.00_ACCEL_Cand_2.pfd.pdf
prepfold_timeseries_guppi_56859_SwiftJ1749.4-2807_0002/guppi_56859_SwiftJ1749.4-2807_0002_out_DM938.00_ACCEL_Cand_3.pfd.pdf
prepfold_timeseries_guppi_56859_SwiftJ1749.4-2807_0002/guppi_56859_SwiftJ1749.4-2807_0002_out_DM706.00_ACCEL_Cand_6.pfd.pdf
prepfold_timeseries_guppi_56859_SwiftJ1749.4-2807_0002/guppi_56859_SwiftJ1749.4-2807_0002_out_DM216.00_ACCEL_Cand_12.pfd.pdf
prepfold_timeseries_guppi_56859_SwiftJ1749.4-2807_0002/guppi_56859_SwiftJ1749.4-2807_0002_out_DM809.00_ACCEL_Cand_3.pfd.pdf
prepfold_timeseries_guppi_56859_SwiftJ1749.4-2807_0002/guppi_56859_SwiftJ1749.4-2807_0002_out_DM812.00_ACCEL_Cand_2.pfd.pdf
prepfold_timeseries_guppi_56859_SwiftJ1749.4-2807_0002/guppi_56859_SwiftJ1749.4-2807_0002_out_DM755.00_ACCEL_Cand_1.pfd.pdf
prepfold_timeseries_guppi_56859_SwiftJ1749.4-2807_0002/guppi_56859_SwiftJ1749.4-2807_0002_out_DM572.00_ACCEL_Cand_8.pfd.pdf
prepfold_timeseries_guppi_56859_SwiftJ1749.4-2807_0002/guppi_56859_SwiftJ1749.4-2807_0002_out_DM98.00_ACCEL_Cand_3.pfd.pdf
prepfold_timeseries_guppi_56859_SwiftJ1749.4-2807_0002/guppi_56859_SwiftJ1749.4-2807_0002_out_DM876.00_ACCEL_Cand_3.pfd.pdf
prepfold_timeseries_guppi_56859_SwiftJ1749.4-2807_0002/guppi_56859_SwiftJ1749.4-2807_0002_out_DM802.00_ACCEL_Cand_8.pfd.pdf
prepfold_timeseries_guppi_56859_SwiftJ1749.4-2807_0002/guppi_56859_SwiftJ1749.4-2807_0002_out_DM328.00_ACCEL_Cand_2.pfd.pdf
prepfold_timeseries_guppi_56859_SwiftJ1749.4-2807_0002/guppi_56859_SwiftJ1749.4-2807_0002_out_DM558.00_ACCEL_Cand_9.pfd.pdf
prepfold_timeseries_guppi_56859_SwiftJ1749.4-2807_0002/guppi_56859_SwiftJ1749.4-2807_0002_out_DM155.00_ACCEL_Cand_1.pfd.pdf
prepfold_timeseries_guppi_56859_SwiftJ1749.4-2807_0002/guppi_56859_SwiftJ1749.4-2807_0002_out_DM436.00_ACCEL_Cand_5.pfd.pdf
prepfold_timeseries_guppi_56859_SwiftJ1749.4-2807_0002/guppi_56859_SwiftJ1749.4-2807_0002_out_DM724.00_ACCEL_Cand_4.pfd.pdf
prepfold_timeseries_guppi_56859_SwiftJ1749.4-2807_0002/guppi_56859_SwiftJ1749.4-2807_0002_out_DM155.00_ACCEL_Cand_2.pfd.pdf
prepfold_timeseries_guppi_56859_SwiftJ1749.4-2807_0002/guppi_56859_SwiftJ1749.4-2807_0002_out_DM518.00_ACCEL_Cand_7.pfd.pdf
prepfold_timeseries_guppi_56859_SwiftJ1749.4-2807_0002/guppi_56859_SwiftJ1749.4-2807_0002_out_DM770.00_ACCEL_Cand_5.pfd.pdf
prepfold_timeseries_guppi_56859_SwiftJ1749.4-2807_0002/guppi_56859_SwiftJ1749.4-2807_0002_out_DM77.00_ACCEL_Cand_4.pfd.pdf
prepfold_timeseries_guppi_56859_SwiftJ1749.4-2807_0002/guppi_56859_SwiftJ1749.4-2807_0002_out_DM530.00_ACCEL_Cand_3.pfd.pdf
prepfold_timeseries_guppi_56859_SwiftJ1749.4-2807_0002/guppi_56859_SwiftJ1749.4-2807_0002_out_DM86.00_ACCEL_Cand_15.pfd.pdf
prepfold_timeseries_guppi_56859_SwiftJ1749.4-2807_0002/guppi_56859_SwiftJ1749.4-2807_0002_out_DM838.00_ACCEL_Cand_1.pfd.pdf
prepfold_timeseries_guppi_56859_SwiftJ1749.4-2807_0002/guppi_56859_SwiftJ1749.4-2807_0002_out_DM88.00_ACCEL_Cand_2.pfd.pdf
prepfold_timeseries_guppi_56859_SwiftJ1749.4-2807_0002/guppi_56859_SwiftJ1749.4-2807_0002_out_DM938.00_ACCEL_Cand_9.pfd.pdf
prepfold_timeseries_guppi_56859_SwiftJ1749.4-2807_0002/guppi_56859_SwiftJ1749.4-2807_0002_out_DM777.00_ACCEL_Cand_4.pfd.pdf
prepfold_timeseries_guppi_56859_SwiftJ1749.4-2807_0002/guppi_56859_SwiftJ1749.4-2807_0002_out_DM274.00_ACCEL_Cand_8.pfd.pdf
prepfold_timeseries_guppi_56859_SwiftJ1749.4-2807_0002/guppi_56859_SwiftJ1749.4-2807_0002_out_DM801.00_ACCEL_Cand_4.pfd.pdf
prepfold_timeseries_guppi_56859_SwiftJ1749.4-2807_0002/guppi_56859_SwiftJ1749.4-2807_0002_out_DM848.00_ACCEL_Cand_1.pfd.pdf
prepfold_timeseries_guppi_56859_SwiftJ1749.4-2807_0002/guppi_56859_SwiftJ1749.4-2807_0002_out_DM345.00_ACCEL_Cand_6.pfd.pdf
prepfold_timeseries_guppi_56859_SwiftJ1749.4-2807_0002/guppi_56859_SwiftJ1749.4-2807_0002_out_DM39.00_ACCEL_Cand_3.pfd.pdf
prepfold_timeseries_guppi_56859_SwiftJ1749.4-2807_0002/guppi_56859_SwiftJ1749.4-2807_0002_out_DM272.00_ACCEL_Cand_2.pfd.pdf
prepfold_timeseries_guppi_56859_SwiftJ1749.4-2807_0002/guppi_56859_SwiftJ1749.4-2807_0002_out_DM671.00_ACCEL_Cand_5.pfd.pdf
prepfold_timeseries_guppi_56859_SwiftJ1749.4-2807_0002/guppi_56859_SwiftJ1749.4-2807_0002_out_DM266.00_ACCEL_Cand_6.pfd.pdf
prepfold_timeseries_guppi_56859_SwiftJ1749.4-2807_0002/guppi_56859_SwiftJ1749.4-2807_0002_out_DM537.00_ACCEL_Cand_5.pfd.pdf
prepfold_timeseries_guppi_56859_SwiftJ1749.4-2807_0002/guppi_56859_SwiftJ1749.4-2807_0002_out_DM95.00_ACCEL_Cand_6.pfd.pdf
prepfold_timeseries_guppi_56859_SwiftJ1749.4-2807_0002/guppi_56859_SwiftJ1749.4-2807_0002_out_DM829.00_ACCEL_Cand_3.pfd.pdf
prepfold_timeseries_guppi_56859_SwiftJ1749.4-2807_0002/guppi_56859_SwiftJ1749.4-2807_0002_out_DM538.00_ACCEL_Cand_4.pfd.pdf
prepfold_timeseries_guppi_56859_SwiftJ1749.4-2807_0002/guppi_56859_SwiftJ1749.4-2807_0002_out_DM925.00_ACCEL_Cand_1.pfd.pdf
prepfold_timeseries_guppi_56859_SwiftJ1749.4-2807_0002/guppi_56859_SwiftJ1749.4-2807_0002_out_DM108.00_ACCEL_Cand_1.pfd.pdf
prepfold_timeseries_guppi_56859_SwiftJ1749.4-2807_0002/guppi_56859_SwiftJ1749.4-2807_0002_out_DM894.00_ACCEL_Cand_7.pfd.pdf
prepfold_timeseries_guppi_56859_SwiftJ1749.4-2807_0002/guppi_56859_SwiftJ1749.4-2807_0002_out_DM6.00_ACCEL_Cand_9.pfd.pdf
prepfold_timeseries_guppi_56859_SwiftJ1749.4-2807_0002/guppi_56859_SwiftJ1749.4-2807_0002_out_DM3.00_ACCEL_Cand_6.pfd.pdf
prepfold_timeseries_guppi_56859_SwiftJ1749.4-2807_0002/guppi_56859_SwiftJ1749.4-2807_0002_out_DM819.00_ACCEL_Cand_3.pfd.pdf
prepfold_timeseries_guppi_56859_SwiftJ1749.4-2807_0002/guppi_56859_SwiftJ1749.4-2807_0002_out_DM673.00_ACCEL_Cand_4.pfd.pdf
prepfold_timeseries_guppi_56859_SwiftJ1749.4-2807_0002/guppi_56859_SwiftJ1749.4-2807_0002_out_DM132.00_ACCEL_Cand_4.pfd.pdf
prepfold_timeseries_guppi_56859_SwiftJ1749.4-2807_0002/guppi_56859_SwiftJ1749.4-2807_0002_out_DM223.00_ACCEL_Cand_1.pfd.pdf
prepfold_timeseries_guppi_56859_SwiftJ1749.4-2807_0002/guppi_56859_SwiftJ1749.4-2807_0002_out_DM794.00_ACCEL_Cand_3.pfd.pdf
prepfold_timeseries_guppi_56859_SwiftJ1749.4-2807_0002/guppi_56859_SwiftJ1749.4-2807_0002_out_DM622.00_ACCEL_Cand_6.pfd.pdf
prepfold_timeseries_guppi_56859_SwiftJ1749.4-2807_0002/guppi_56859_SwiftJ1749.4-2807_0002_out_DM287.00_ACCEL_Cand_7.pfd.pdf
prepfold_timeseries_guppi_56859_SwiftJ1749.4-2807_0002/guppi_56859_SwiftJ1749.4-2807_0002_out_DM529.00_ACCEL_Cand_3.pfd.pdf
prepfold_timeseries_guppi_56859_SwiftJ1749.4-2807_0002/guppi_56859_SwiftJ1749.4-2807_0002_out_DM4.00_ACCEL_Cand_11.pfd.pdf
prepfold_timeseries_guppi_56859_SwiftJ1749.4-2807_0002/guppi_56859_SwiftJ1749.4-2807_0002_out_DM36.00_ACCEL_Cand_4.pfd.pdf
prepfold_timeseries_guppi_56859_SwiftJ1749.4-2807_0002/guppi_56859_SwiftJ1749.4-2807_0002_out_DM965.00_ACCEL_Cand_3.pfd.pdf
prepfold_timeseries_guppi_56859_SwiftJ1749.4-2807_0002/guppi_56859_SwiftJ1749.4-2807_0002_out_DM771.00_ACCEL_Cand_3.pfd.pdf
prepfold_timeseries_guppi_56859_SwiftJ1749.4-2807_0002/guppi_56859_SwiftJ1749.4-2807_0002_out_DM665.00_ACCEL_Cand_4.pfd.pdf
prepfold_timeseries_guppi_56859_SwiftJ1749.4-2807_0002/guppi_56859_SwiftJ1749.4-2807_0002_out_DM269.00_ACCEL_Cand_6.pfd.pdf
prepfold_timeseries_guppi_56859_SwiftJ1749.4-2807_0002/guppi_56859_SwiftJ1749.4-2807_0002_out_DM699.00_ACCEL_Cand_4.pfd.pdf
prepfold_timeseries_guppi_56859_SwiftJ1749.4-2807_0002/guppi_56859_SwiftJ1749.4-2807_0002_out_DM40.00_ACCEL_Cand_2.pfd.pdf
prepfold_timeseries_guppi_56859_SwiftJ1749.4-2807_0002/guppi_56859_SwiftJ1749.4-2807_0002_out_DM534.00_ACCEL_Cand_10.pfd.pdf
prepfold_timeseries_guppi_56859_SwiftJ1749.4-2807_0002/guppi_56859_SwiftJ1749.4-2807_0002_out_DM525.00_ACCEL_Cand_6.pfd.pdf
prepfold_timeseries_guppi_56859_SwiftJ1749.4-2807_0002/guppi_56859_SwiftJ1749.4-2807_0002_out_DM65.00_ACCEL_Cand_1.pfd.pdf
prepfold_timeseries_guppi_56859_SwiftJ1749.4-2807_0002/guppi_56859_SwiftJ1749.4-2807_0002_out_DM464.00_ACCEL_Cand_7.pfd.pdf
prepfold_timeseries_guppi_56859_SwiftJ1749.4-2807_0002/guppi_56859_SwiftJ1749.4-2807_0002_out_DM933.00_ACCEL_Cand_7.pfd.pdf
prepfold_timeseries_guppi_56859_SwiftJ1749.4-2807_0002/guppi_56859_SwiftJ1749.4-2807_0002_out_DM766.00_ACCEL_Cand_1.pfd.pdf
prepfold_timeseries_guppi_56859_SwiftJ1749.4-2807_0002/guppi_56859_SwiftJ1749.4-2807_0002_out_DM272.00_ACCEL_Cand_3.pfd.pdf
prepfold_timeseries_guppi_56859_SwiftJ1749.4-2807_0002/guppi_56859_SwiftJ1749.4-2807_0002_out_DM562.00_ACCEL_Cand_6.pfd.pdf
prepfold_timeseries_guppi_56859_SwiftJ1749.4-2807_0002/guppi_56859_SwiftJ1749.4-2807_0002_out_DM43.00_ACCEL_Cand_1.pfd.pdf
prepfold_timeseries_guppi_56859_SwiftJ1749.4-2807_0002/guppi_56859_SwiftJ1749.4-2807_0002_out_DM212.00_ACCEL_Cand_2.pfd.pdf
prepfold_timeseries_guppi_56859_SwiftJ1749.4-2807_0002/guppi_56859_SwiftJ1749.4-2807_0002_out_DM74.00_ACCEL_Cand_2.pfd.pdf
prepfold_timeseries_guppi_56859_SwiftJ1749.4-2807_0002/guppi_56859_SwiftJ1749.4-2807_0002_out_DM10.00_ACCEL_Cand_7.pfd.pdf
prepfold_timeseries_guppi_56859_SwiftJ1749.4-2807_0002/guppi_56859_SwiftJ1749.4-2807_0002_out_DM921.00_ACCEL_Cand_17.pfd.pdf
prepfold_timeseries_guppi_56859_SwiftJ1749.4-2807_0002/guppi_56859_SwiftJ1749.4-2807_0002_out_DM528.00_ACCEL_Cand_3.pfd.pdf
prepfold_timeseries_guppi_56859_SwiftJ1749.4-2807_0002/guppi_56859_SwiftJ1749.4-2807_0002_out_DM908.00_ACCEL_Cand_10.pfd.pdf
prepfold_timeseries_guppi_56859_SwiftJ1749.4-2807_0002/guppi_56859_SwiftJ1749.4-2807_0002_out_DM568.00_ACCEL_Cand_5.pfd.pdf
prepfold_timeseries_guppi_56859_SwiftJ1749.4-2807_0002/guppi_56859_SwiftJ1749.4-2807_0002_out_DM568.00_ACCEL_Cand_6.pfd.pdf
prepfold_timeseries_guppi_56859_SwiftJ1749.4-2807_0002/guppi_56859_SwiftJ1749.4-2807_0002_out_DM661.00_ACCEL_Cand_9.pfd.pdf
prepfold_timeseries_guppi_56859_SwiftJ1749.4-2807_0002/guppi_56859_SwiftJ1749.4-2807_0002_out_DM734.00_ACCEL_Cand_3.pfd.pdf
prepfold_timeseries_guppi_56859_SwiftJ1749.4-2807_0002/guppi_56859_SwiftJ1749.4-2807_0002_out_DM926.00_ACCEL_Cand_5.pfd.pdf
prepfold_timeseries_guppi_56859_SwiftJ1749.4-2807_0002/guppi_56859_SwiftJ1749.4-2807_0002_out_DM486.00_ACCEL_Cand_2.pfd.pdf
prepfold_timeseries_guppi_56859_SwiftJ1749.4-2807_0002/guppi_56859_SwiftJ1749.4-2807_0002_out_DM681.00_ACCEL_Cand_9.pfd.pdf
prepfold_timeseries_guppi_56859_SwiftJ1749.4-2807_0002/guppi_56859_SwiftJ1749.4-2807_0002_out_DM343.00_ACCEL_Cand_1.pfd.pdf
prepfold_timeseries_guppi_56859_SwiftJ1749.4-2807_0002/guppi_56859_SwiftJ1749.4-2807_0002_out_DM728.00_ACCEL_Cand_4.pfd.pdf
prepfold_timeseries_guppi_56859_SwiftJ1749.4-2807_0002/guppi_56859_SwiftJ1749.4-2807_0002_out_DM530.00_ACCEL_Cand_6.pfd.pdf
prepfold_timeseries_guppi_56859_SwiftJ1749.4-2807_0002/guppi_56859_SwiftJ1749.4-2807_0002_out_DM120.00_ACCEL_Cand_2.pfd.pdf
prepfold_timeseries_guppi_56859_SwiftJ1749.4-2807_0002/guppi_56859_SwiftJ1749.4-2807_0002_out_DM661.00_ACCEL_Cand_17.pfd.pdf
prepfold_timeseries_guppi_56859_SwiftJ1749.4-2807_0002/guppi_56859_SwiftJ1749.4-2807_0002_out_DM693.00_ACCEL_Cand_6.pfd.pdf
prepfold_timeseries_guppi_56859_SwiftJ1749.4-2807_0002/guppi_56859_SwiftJ1749.4-2807_0002_out_DM16.00_ACCEL_Cand_5.pfd.pdf
prepfold_timeseries_guppi_56859_SwiftJ1749.4-2807_0002/guppi_56859_SwiftJ1749.4-2807_0002_out_DM285.00_ACCEL_Cand_10.pfd.pdf
prepfold_timeseries_guppi_56859_SwiftJ1749.4-2807_0002/guppi_56859_SwiftJ1749.4-2807_0002_out_DM549.00_ACCEL_Cand_6.pfd.pdf
prepfold_timeseries_guppi_56859_SwiftJ1749.4-2807_0002/guppi_56859_SwiftJ1749.4-2807_0002_out_DM516.00_ACCEL_Cand_3.pfd.pdf
prepfold_timeseries_guppi_56859_SwiftJ1749.4-2807_0002/guppi_56859_SwiftJ1749.4-2807_0002_out_DM599.00_ACCEL_Cand_12.pfd.pdf
prepfold_timeseries_guppi_56859_SwiftJ1749.4-2807_0002/guppi_56859_SwiftJ1749.4-2807_0002_out_DM105.00_ACCEL_Cand_2.pfd.pdf
prepfold_timeseries_guppi_56859_SwiftJ1749.4-2807_0002/guppi_56859_SwiftJ1749.4-2807_0002_out_DM803.00_ACCEL_Cand_8.pfd.pdf
prepfold_timeseries_guppi_56859_SwiftJ1749.4-2807_0002/guppi_56859_SwiftJ1749.4-2807_0002_out_DM976.00_ACCEL_Cand_3.pfd.pdf
prepfold_timeseries_guppi_56859_SwiftJ1749.4-2807_0002/guppi_56859_SwiftJ1749.4-2807_0002_out_DM567.00_ACCEL_Cand_4.pfd.pdf
prepfold_timeseries_guppi_56859_SwiftJ1749.4-2807_0002/guppi_56859_SwiftJ1749.4-2807_0002_out_DM478.00_ACCEL_Cand_6.pfd.pdf
prepfold_timeseries_guppi_56859_SwiftJ1749.4-2807_0002/guppi_56859_SwiftJ1749.4-2807_0002_out_DM978.00_ACCEL_Cand_10.pfd.pdf
prepfold_timeseries_guppi_56859_SwiftJ1749.4-2807_0002/guppi_56859_SwiftJ1749.4-2807_0002_out_DM983.00_ACCEL_Cand_10.pfd.pdf
prepfold_timeseries_guppi_56859_SwiftJ1749.4-2807_0002/guppi_56859_SwiftJ1749.4-2807_0002_out_DM889.00_ACCEL_Cand_9.pfd.pdf
prepfold_timeseries_guppi_56859_SwiftJ1749.4-2807_0002/guppi_56859_SwiftJ1749.4-2807_0002_out_DM445.00_ACCEL_Cand_5.pfd.pdf
prepfold_timeseries_guppi_56859_SwiftJ1749.4-2807_0002/guppi_56859_SwiftJ1749.4-2807_0002_out_DM895.00_ACCEL_Cand_3.pfd.pdf
prepfold_timeseries_guppi_56859_SwiftJ1749.4-2807_0002/guppi_56859_SwiftJ1749.4-2807_0002_out_DM54.00_ACCEL_Cand_6.pfd.pdf
prepfold_timeseries_guppi_56859_SwiftJ1749.4-2807_0002/guppi_56859_SwiftJ1749.4-2807_0002_out_DM54.00_ACCEL_Cand_8.pfd.pdf
prepfold_timeseries_guppi_56859_SwiftJ1749.4-2807_0002/guppi_56859_SwiftJ1749.4-2807_0002_out_DM177.00_ACCEL_Cand_2.pfd.pdf
prepfold_timeseries_guppi_56859_SwiftJ1749.4-2807_0002/guppi_56859_SwiftJ1749.4-2807_0002_out_DM822.00_ACCEL_Cand_2.pfd.pdf
prepfold_timeseries_guppi_56859_SwiftJ1749.4-2807_0002/guppi_56859_SwiftJ1749.4-2807_0002_out_DM479.00_ACCEL_Cand_8.pfd.pdf
prepfold_timeseries_guppi_56859_SwiftJ1749.4-2807_0002/guppi_56859_SwiftJ1749.4-2807_0002_out_DM227.00_ACCEL_Cand_7.pfd.pdf
prepfold_timeseries_guppi_56859_SwiftJ1749.4-2807_0002/guppi_56859_SwiftJ1749.4-2807_0002_out_DM120.00_ACCEL_Cand_1.pfd.pdf
prepfold_timeseries_guppi_56859_SwiftJ1749.4-2807_0002/guppi_56859_SwiftJ1749.4-2807_0002_out_DM283.00_ACCEL_Cand_4.pfd.pdf
prepfold_timeseries_guppi_56859_SwiftJ1749.4-2807_0002/guppi_56859_SwiftJ1749.4-2807_0002_out_DM747.00_ACCEL_Cand_3.pfd.pdf
prepfold_timeseries_guppi_56859_SwiftJ1749.4-2807_0002/guppi_56859_SwiftJ1749.4-2807_0002_out_DM6.00_ACCEL_Cand_10.pfd.pdf
prepfold_timeseries_guppi_56859_SwiftJ1749.4-2807_0002/guppi_56859_SwiftJ1749.4-2807_0002_out_DM952.00_ACCEL_Cand_3.pfd.pdf
prepfold_timeseries_guppi_56859_SwiftJ1749.4-2807_0002/guppi_56859_SwiftJ1749.4-2807_0002_out_DM558.00_ACCEL_Cand_4.pfd.pdf
prepfold_timeseries_guppi_56859_SwiftJ1749.4-2807_0002/guppi_56859_SwiftJ1749.4-2807_0002_out_DM295.00_ACCEL_Cand_2.pfd.pdf
prepfold_timeseries_guppi_56859_SwiftJ1749.4-2807_0002/guppi_56859_SwiftJ1749.4-2807_0002_out_DM937.00_ACCEL_Cand_4.pfd.pdf
prepfold_timeseries_guppi_56859_SwiftJ1749.4-2807_0002/guppi_56859_SwiftJ1749.4-2807_0002_out_DM495.00_ACCEL_Cand_23.pfd.pdf
prepfold_timeseries_guppi_56859_SwiftJ1749.4-2807_0002/guppi_56859_SwiftJ1749.4-2807_0002_out_DM102.00_ACCEL_Cand_5.pfd.pdf
prepfold_timeseries_guppi_56859_SwiftJ1749.4-2807_0002/guppi_56859_SwiftJ1749.4-2807_0002_out_DM807.00_ACCEL_Cand_9.pfd.pdf
prepfold_timeseries_guppi_56859_SwiftJ1749.4-2807_0002/guppi_56859_SwiftJ1749.4-2807_0002_out_DM433.00_ACCEL_Cand_3.pfd.pdf
prepfold_timeseries_guppi_56859_SwiftJ1749.4-2807_0002/guppi_56859_SwiftJ1749.4-2807_0002_out_DM16.00_ACCEL_Cand_3.pfd.pdf
prepfold_timeseries_guppi_56859_SwiftJ1749.4-2807_0002/guppi_56859_SwiftJ1749.4-2807_0002_out_DM720.00_ACCEL_Cand_6.pfd.pdf
prepfold_timeseries_guppi_56859_SwiftJ1749.4-2807_0002/guppi_56859_SwiftJ1749.4-2807_0002_out_DM929.00_ACCEL_Cand_6.pfd.pdf
prepfold_timeseries_guppi_56859_SwiftJ1749.4-2807_0002/guppi_56859_SwiftJ1749.4-2807_0002_out_DM448.00_ACCEL_Cand_9.pfd.pdf
prepfold_timeseries_guppi_56859_SwiftJ1749.4-2807_0002/guppi_56859_SwiftJ1749.4-2807_0002_out_DM533.00_ACCEL_Cand_6.pfd.pdf
prepfold_timeseries_guppi_56859_SwiftJ1749.4-2807_0002/guppi_56859_SwiftJ1749.4-2807_0002_out_DM474.00_ACCEL_Cand_2.pfd.pdf
prepfold_timeseries_guppi_56859_SwiftJ1749.4-2807_0002/guppi_56859_SwiftJ1749.4-2807_0002_out_DM611.00_ACCEL_Cand_11.pfd.pdf
prepfold_timeseries_guppi_56859_SwiftJ1749.4-2807_0002/guppi_56859_SwiftJ1749.4-2807_0002_out_DM701.00_ACCEL_Cand_6.pfd.pdf
prepfold_timeseries_guppi_56859_SwiftJ1749.4-2807_0002/guppi_56859_SwiftJ1749.4-2807_0002_out_DM86.00_ACCEL_Cand_1.pfd.pdf
prepfold_timeseries_guppi_56859_SwiftJ1749.4-2807_0002/guppi_56859_SwiftJ1749.4-2807_0002_out_DM38.00_ACCEL_Cand_2.pfd.pdf
prepfold_timeseries_guppi_56859_SwiftJ1749.4-2807_0002/guppi_56859_SwiftJ1749.4-2807_0002_out_DM659.00_ACCEL_Cand_5.pfd.pdf
prepfold_timeseries_guppi_56859_SwiftJ1749.4-2807_0002/guppi_56859_SwiftJ1749.4-2807_0002_out_DM98.00_ACCEL_Cand_1.pfd.pdf
prepfold_timeseries_guppi_56859_SwiftJ1749.4-2807_0002/guppi_56859_SwiftJ1749.4-2807_0002_out_DM143.00_ACCEL_Cand_5.pfd.pdf
rm: cannot remove `*.pfd': No such file or directory
rm: cannot remove `*out**.ps': No such file or directory
[('--folder_tag', '20140721'), ('--file_tag', 'guppi_56859_SwiftJ1749.4-2807_0002_0001.fits')]
/lustre/pulsar/scratch/ajaodand/GBT14B-036_AMXPs/20140721/guppi_56859_SwiftJ1749.4-2807_0002_000[1-3].fits
guppi_56859_SwiftJ1749.4-2807_0002_out
15728640
ls *.ps | xargs -n 1 ps2pdf
