/lustre/pulsar/scratch/ajaodand/GBT14B-036_AMXPs/20140809/guppi_56878_SAXJ1808.4-3658_0001_0001.fits
/lustre/pulsar/scratch/ajaodand/GBT14B-036_AMXPs/20140809/guppi_56878_SAXJ1808.4-3658_0001_0002.fits
/lustre/pulsar/scratch/ajaodand/GBT14B-036_AMXPs/20140809/guppi_56878_SAXJ1808.4-3658_0001_0003.fits
mv: cannot stat `*.pfd.pdf*': No such file or directory
prepfold_timeseries_guppi_56878_SAXJ1808.4-3658_0001/
prepfold_timeseries_guppi_56878_SAXJ1808.4-3658_0001/guppi_56878_SAXJ1808.4-3658_0001_out_DM422.00_ACCEL_Cand_5.pfd.pdf
prepfold_timeseries_guppi_56878_SAXJ1808.4-3658_0001/guppi_56878_SAXJ1808.4-3658_0001_out_DM451.00_ACCEL_Cand_10.pfd.pdf
prepfold_timeseries_guppi_56878_SAXJ1808.4-3658_0001/guppi_56878_SAXJ1808.4-3658_0001_out_DM127.00_ACCEL_Cand_13.pfd.pdf
prepfold_timeseries_guppi_56878_SAXJ1808.4-3658_0001/guppi_56878_SAXJ1808.4-3658_0001_out_DM859.00_ACCEL_Cand_14.pfd.pdf
prepfold_timeseries_guppi_56878_SAXJ1808.4-3658_0001/guppi_56878_SAXJ1808.4-3658_0001_out_DM202.00_ACCEL_Cand_4.pfd.pdf
prepfold_timeseries_guppi_56878_SAXJ1808.4-3658_0001/guppi_56878_SAXJ1808.4-3658_0001_out_DM875.00_ACCEL_Cand_9.pfd.pdf
prepfold_timeseries_guppi_56878_SAXJ1808.4-3658_0001/guppi_56878_SAXJ1808.4-3658_0001_out_DM729.00_ACCEL_Cand_2.pfd.pdf
prepfold_timeseries_guppi_56878_SAXJ1808.4-3658_0001/guppi_56878_SAXJ1808.4-3658_0001_out_DM854.00_ACCEL_Cand_7.pfd.pdf
prepfold_timeseries_guppi_56878_SAXJ1808.4-3658_0001/guppi_56878_SAXJ1808.4-3658_0001_out_DM479.00_ACCEL_Cand_16.pfd.pdf
prepfold_timeseries_guppi_56878_SAXJ1808.4-3658_0001/guppi_56878_SAXJ1808.4-3658_0001_out_DM551.00_ACCEL_Cand_15.pfd.pdf
prepfold_timeseries_guppi_56878_SAXJ1808.4-3658_0001/guppi_56878_SAXJ1808.4-3658_0001_out_DM310.00_ACCEL_Cand_11.pfd.pdf
prepfold_timeseries_guppi_56878_SAXJ1808.4-3658_0001/guppi_56878_SAXJ1808.4-3658_0001_out_DM830.00_ACCEL_Cand_16.pfd.pdf
prepfold_timeseries_guppi_56878_SAXJ1808.4-3658_0001/guppi_56878_SAXJ1808.4-3658_0001_out_DM361.00_ACCEL_Cand_7.pfd.pdf
prepfold_timeseries_guppi_56878_SAXJ1808.4-3658_0001/guppi_56878_SAXJ1808.4-3658_0001_out_DM863.00_ACCEL_Cand_4.pfd.pdf
prepfold_timeseries_guppi_56878_SAXJ1808.4-3658_0001/guppi_56878_SAXJ1808.4-3658_0001_out_DM316.00_ACCEL_Cand_18.pfd.pdf
prepfold_timeseries_guppi_56878_SAXJ1808.4-3658_0001/guppi_56878_SAXJ1808.4-3658_0001_out_DM15.00_ACCEL_Cand_2.pfd.pdf
prepfold_timeseries_guppi_56878_SAXJ1808.4-3658_0001/guppi_56878_SAXJ1808.4-3658_0001_out_DM578.00_ACCEL_Cand_1.pfd.pdf
prepfold_timeseries_guppi_56878_SAXJ1808.4-3658_0001/guppi_56878_SAXJ1808.4-3658_0001_out_DM7.00_ACCEL_Cand_8.pfd.pdf
prepfold_timeseries_guppi_56878_SAXJ1808.4-3658_0001/guppi_56878_SAXJ1808.4-3658_0001_out_DM594.00_ACCEL_Cand_2.pfd.pdf
prepfold_timeseries_guppi_56878_SAXJ1808.4-3658_0001/guppi_56878_SAXJ1808.4-3658_0001_out_DM705.00_ACCEL_Cand_7.pfd.pdf
prepfold_timeseries_guppi_56878_SAXJ1808.4-3658_0001/guppi_56878_SAXJ1808.4-3658_0001_out_DM466.00_ACCEL_Cand_13.pfd.pdf
prepfold_timeseries_guppi_56878_SAXJ1808.4-3658_0001/guppi_56878_SAXJ1808.4-3658_0001_out_DM936.00_ACCEL_Cand_1.pfd.pdf
prepfold_timeseries_guppi_56878_SAXJ1808.4-3658_0001/guppi_56878_SAXJ1808.4-3658_0001_out_DM15.00_ACCEL_Cand_5.pfd.pdf
prepfold_timeseries_guppi_56878_SAXJ1808.4-3658_0001/guppi_56878_SAXJ1808.4-3658_0001_out_DM40.00_ACCEL_Cand_7.pfd.pdf
prepfold_timeseries_guppi_56878_SAXJ1808.4-3658_0001/guppi_56878_SAXJ1808.4-3658_0001_out_DM257.00_ACCEL_Cand_17.pfd.pdf
prepfold_timeseries_guppi_56878_SAXJ1808.4-3658_0001/guppi_56878_SAXJ1808.4-3658_0001_out_DM567.00_ACCEL_Cand_7.pfd.pdf
prepfold_timeseries_guppi_56878_SAXJ1808.4-3658_0001/guppi_56878_SAXJ1808.4-3658_0001_out_DM256.00_ACCEL_Cand_11.pfd.pdf
prepfold_timeseries_guppi_56878_SAXJ1808.4-3658_0001/guppi_56878_SAXJ1808.4-3658_0001_out_DM849.00_ACCEL_Cand_1.pfd.pdf
prepfold_timeseries_guppi_56878_SAXJ1808.4-3658_0001/guppi_56878_SAXJ1808.4-3658_0001_out_DM929.00_ACCEL_Cand_5.pfd.pdf
prepfold_timeseries_guppi_56878_SAXJ1808.4-3658_0001/guppi_56878_SAXJ1808.4-3658_0001_out_DM668.00_ACCEL_Cand_5.pfd.pdf
prepfold_timeseries_guppi_56878_SAXJ1808.4-3658_0001/guppi_56878_SAXJ1808.4-3658_0001_out_DM729.00_ACCEL_Cand_16.pfd.pdf
prepfold_timeseries_guppi_56878_SAXJ1808.4-3658_0001/guppi_56878_SAXJ1808.4-3658_0001_out_DM471.00_ACCEL_Cand_13.pfd.pdf
prepfold_timeseries_guppi_56878_SAXJ1808.4-3658_0001/guppi_56878_SAXJ1808.4-3658_0001_out_DM105.00_ACCEL_Cand_15.pfd.pdf
prepfold_timeseries_guppi_56878_SAXJ1808.4-3658_0001/guppi_56878_SAXJ1808.4-3658_0001_out_DM183.00_ACCEL_Cand_10.pfd.pdf
prepfold_timeseries_guppi_56878_SAXJ1808.4-3658_0001/guppi_56878_SAXJ1808.4-3658_0001_out_DM84.00_ACCEL_Cand_10.pfd.pdf
prepfold_timeseries_guppi_56878_SAXJ1808.4-3658_0001/guppi_56878_SAXJ1808.4-3658_0001_out_DM544.00_ACCEL_Cand_5.pfd.pdf
prepfold_timeseries_guppi_56878_SAXJ1808.4-3658_0001/guppi_56878_SAXJ1808.4-3658_0001_out_DM176.00_ACCEL_Cand_19.pfd.pdf
prepfold_timeseries_guppi_56878_SAXJ1808.4-3658_0001/guppi_56878_SAXJ1808.4-3658_0001_out_DM321.00_ACCEL_Cand_24.pfd.pdf
prepfold_timeseries_guppi_56878_SAXJ1808.4-3658_0001/guppi_56878_SAXJ1808.4-3658_0001_out_DM132.00_ACCEL_Cand_9.pfd.pdf
prepfold_timeseries_guppi_56878_SAXJ1808.4-3658_0001/guppi_56878_SAXJ1808.4-3658_0001_out_DM38.00_ACCEL_Cand_7.pfd.pdf
prepfold_timeseries_guppi_56878_SAXJ1808.4-3658_0001/guppi_56878_SAXJ1808.4-3658_0001_out_DM209.00_ACCEL_Cand_8.pfd.pdf
prepfold_timeseries_guppi_56878_SAXJ1808.4-3658_0001/guppi_56878_SAXJ1808.4-3658_0001_out_DM482.00_ACCEL_Cand_3.pfd.pdf
prepfold_timeseries_guppi_56878_SAXJ1808.4-3658_0001/guppi_56878_SAXJ1808.4-3658_0001_out_DM386.00_ACCEL_Cand_9.pfd.pdf
prepfold_timeseries_guppi_56878_SAXJ1808.4-3658_0001/guppi_56878_SAXJ1808.4-3658_0001_out_DM461.00_ACCEL_Cand_11.pfd.pdf
prepfold_timeseries_guppi_56878_SAXJ1808.4-3658_0001/guppi_56878_SAXJ1808.4-3658_0001_out_DM122.00_ACCEL_Cand_7.pfd.pdf
prepfold_timeseries_guppi_56878_SAXJ1808.4-3658_0001/guppi_56878_SAXJ1808.4-3658_0001_out_DM194.00_ACCEL_Cand_13.pfd.pdf
prepfold_timeseries_guppi_56878_SAXJ1808.4-3658_0001/guppi_56878_SAXJ1808.4-3658_0001_out_DM851.00_ACCEL_Cand_10.pfd.pdf
prepfold_timeseries_guppi_56878_SAXJ1808.4-3658_0001/guppi_56878_SAXJ1808.4-3658_0001_out_DM549.00_ACCEL_Cand_16.pfd.pdf
prepfold_timeseries_guppi_56878_SAXJ1808.4-3658_0001/guppi_56878_SAXJ1808.4-3658_0001_out_DM509.00_ACCEL_Cand_17.pfd.pdf
prepfold_timeseries_guppi_56878_SAXJ1808.4-3658_0001/guppi_56878_SAXJ1808.4-3658_0001_out_DM132.00_ACCEL_Cand_18.pfd.pdf
prepfold_timeseries_guppi_56878_SAXJ1808.4-3658_0001/guppi_56878_SAXJ1808.4-3658_0001_out_DM171.00_ACCEL_Cand_5.pfd.pdf
prepfold_timeseries_guppi_56878_SAXJ1808.4-3658_0001/guppi_56878_SAXJ1808.4-3658_0001_out_DM254.00_ACCEL_Cand_20.pfd.pdf
prepfold_timeseries_guppi_56878_SAXJ1808.4-3658_0001/guppi_56878_SAXJ1808.4-3658_0001_out_DM837.00_ACCEL_Cand_2.pfd.pdf
prepfold_timeseries_guppi_56878_SAXJ1808.4-3658_0001/guppi_56878_SAXJ1808.4-3658_0001_out_DM737.00_ACCEL_Cand_3.pfd.pdf
prepfold_timeseries_guppi_56878_SAXJ1808.4-3658_0001/guppi_56878_SAXJ1808.4-3658_0001_out_DM616.00_ACCEL_Cand_4.pfd.pdf
prepfold_timeseries_guppi_56878_SAXJ1808.4-3658_0001/guppi_56878_SAXJ1808.4-3658_0001_out_DM296.00_ACCEL_Cand_7.pfd.pdf
prepfold_timeseries_guppi_56878_SAXJ1808.4-3658_0001/guppi_56878_SAXJ1808.4-3658_0001_out_DM859.00_ACCEL_Cand_8.pfd.pdf
prepfold_timeseries_guppi_56878_SAXJ1808.4-3658_0001/guppi_56878_SAXJ1808.4-3658_0001_out_DM9.00_ACCEL_Cand_20.pfd.pdf
prepfold_timeseries_guppi_56878_SAXJ1808.4-3658_0001/guppi_56878_SAXJ1808.4-3658_0001_out_DM402.00_ACCEL_Cand_3.pfd.pdf
prepfold_timeseries_guppi_56878_SAXJ1808.4-3658_0001/guppi_56878_SAXJ1808.4-3658_0001_out_DM54.00_ACCEL_Cand_12.pfd.pdf
prepfold_timeseries_guppi_56878_SAXJ1808.4-3658_0001/guppi_56878_SAXJ1808.4-3658_0001_out_DM40.00_ACCEL_Cand_5.pfd.pdf
prepfold_timeseries_guppi_56878_SAXJ1808.4-3658_0001/guppi_56878_SAXJ1808.4-3658_0001_out_DM37.00_ACCEL_Cand_10.pfd.pdf
prepfold_timeseries_guppi_56878_SAXJ1808.4-3658_0001/guppi_56878_SAXJ1808.4-3658_0001_out_DM281.00_ACCEL_Cand_12.pfd.pdf
prepfold_timeseries_guppi_56878_SAXJ1808.4-3658_0001/guppi_56878_SAXJ1808.4-3658_0001_out_DM103.00_ACCEL_Cand_6.pfd.pdf
prepfold_timeseries_guppi_56878_SAXJ1808.4-3658_0001/guppi_56878_SAXJ1808.4-3658_0001_out_DM640.00_ACCEL_Cand_1.pfd.pdf
prepfold_timeseries_guppi_56878_SAXJ1808.4-3658_0001/guppi_56878_SAXJ1808.4-3658_0001_out_DM469.00_ACCEL_Cand_10.pfd.pdf
prepfold_timeseries_guppi_56878_SAXJ1808.4-3658_0001/guppi_56878_SAXJ1808.4-3658_0001_out_DM974.00_ACCEL_Cand_7.pfd.pdf
prepfold_timeseries_guppi_56878_SAXJ1808.4-3658_0001/guppi_56878_SAXJ1808.4-3658_0001_out_DM324.00_ACCEL_Cand_9.pfd.pdf
prepfold_timeseries_guppi_56878_SAXJ1808.4-3658_0001/guppi_56878_SAXJ1808.4-3658_0001_out_DM68.00_ACCEL_Cand_4.pfd.pdf
prepfold_timeseries_guppi_56878_SAXJ1808.4-3658_0001/guppi_56878_SAXJ1808.4-3658_0001_out_DM638.00_ACCEL_Cand_2.pfd.pdf
prepfold_timeseries_guppi_56878_SAXJ1808.4-3658_0001/guppi_56878_SAXJ1808.4-3658_0001_out_DM588.00_ACCEL_Cand_11.pfd.pdf
prepfold_timeseries_guppi_56878_SAXJ1808.4-3658_0001/guppi_56878_SAXJ1808.4-3658_0001_out_DM878.00_ACCEL_Cand_12.pfd.pdf
prepfold_timeseries_guppi_56878_SAXJ1808.4-3658_0001/guppi_56878_SAXJ1808.4-3658_0001_out_DM197.00_ACCEL_Cand_8.pfd.pdf
prepfold_timeseries_guppi_56878_SAXJ1808.4-3658_0001/guppi_56878_SAXJ1808.4-3658_0001_out_DM50.00_ACCEL_Cand_11.pfd.pdf
prepfold_timeseries_guppi_56878_SAXJ1808.4-3658_0001/guppi_56878_SAXJ1808.4-3658_0001_out_DM237.00_ACCEL_Cand_10.pfd.pdf
prepfold_timeseries_guppi_56878_SAXJ1808.4-3658_0001/guppi_56878_SAXJ1808.4-3658_0001_out_DM28.00_ACCEL_Cand_12.pfd.pdf
prepfold_timeseries_guppi_56878_SAXJ1808.4-3658_0001/guppi_56878_SAXJ1808.4-3658_0001_out_DM250.00_ACCEL_Cand_1.pfd.pdf
prepfold_timeseries_guppi_56878_SAXJ1808.4-3658_0001/guppi_56878_SAXJ1808.4-3658_0001_out_DM280.00_ACCEL_Cand_3.pfd.pdf
prepfold_timeseries_guppi_56878_SAXJ1808.4-3658_0001/guppi_56878_SAXJ1808.4-3658_0001_out_DM866.00_ACCEL_Cand_3.pfd.pdf
prepfold_timeseries_guppi_56878_SAXJ1808.4-3658_0001/guppi_56878_SAXJ1808.4-3658_0001_out_DM615.00_ACCEL_Cand_11.pfd.pdf
prepfold_timeseries_guppi_56878_SAXJ1808.4-3658_0001/guppi_56878_SAXJ1808.4-3658_0001_out_DM79.00_ACCEL_Cand_11.pfd.pdf
prepfold_timeseries_guppi_56878_SAXJ1808.4-3658_0001/guppi_56878_SAXJ1808.4-3658_0001_out_DM439.00_ACCEL_Cand_7.pfd.pdf
prepfold_timeseries_guppi_56878_SAXJ1808.4-3658_0001/guppi_56878_SAXJ1808.4-3658_0001_out_DM32.00_ACCEL_Cand_7.pfd.pdf
prepfold_timeseries_guppi_56878_SAXJ1808.4-3658_0001/guppi_56878_SAXJ1808.4-3658_0001_out_DM164.00_ACCEL_Cand_1.pfd.pdf
prepfold_timeseries_guppi_56878_SAXJ1808.4-3658_0001/guppi_56878_SAXJ1808.4-3658_0001_out_DM38.00_ACCEL_Cand_9.pfd.pdf
prepfold_timeseries_guppi_56878_SAXJ1808.4-3658_0001/guppi_56878_SAXJ1808.4-3658_0001_out_DM859.00_ACCEL_Cand_7.pfd.pdf
prepfold_timeseries_guppi_56878_SAXJ1808.4-3658_0001/guppi_56878_SAXJ1808.4-3658_0001_out_DM256.00_ACCEL_Cand_13.pfd.pdf
prepfold_timeseries_guppi_56878_SAXJ1808.4-3658_0001/guppi_56878_SAXJ1808.4-3658_0001_out_DM182.00_ACCEL_Cand_10.pfd.pdf
prepfold_timeseries_guppi_56878_SAXJ1808.4-3658_0001/guppi_56878_SAXJ1808.4-3658_0001_out_DM7.00_ACCEL_Cand_7.pfd.pdf
prepfold_timeseries_guppi_56878_SAXJ1808.4-3658_0001/guppi_56878_SAXJ1808.4-3658_0001_out_DM130.00_ACCEL_Cand_10.pfd.pdf
prepfold_timeseries_guppi_56878_SAXJ1808.4-3658_0001/guppi_56878_SAXJ1808.4-3658_0001_out_DM489.00_ACCEL_Cand_3.pfd.pdf
prepfold_timeseries_guppi_56878_SAXJ1808.4-3658_0001/guppi_56878_SAXJ1808.4-3658_0001_out_DM9.00_ACCEL_Cand_16.pfd.pdf
prepfold_timeseries_guppi_56878_SAXJ1808.4-3658_0001/guppi_56878_SAXJ1808.4-3658_0001_out_DM849.00_ACCEL_Cand_15.pfd.pdf
prepfold_timeseries_guppi_56878_SAXJ1808.4-3658_0001/guppi_56878_SAXJ1808.4-3658_0001_out_DM876.00_ACCEL_Cand_6.pfd.pdf
prepfold_timeseries_guppi_56878_SAXJ1808.4-3658_0001/guppi_56878_SAXJ1808.4-3658_0001_out_DM326.00_ACCEL_Cand_12.pfd.pdf
prepfold_timeseries_guppi_56878_SAXJ1808.4-3658_0001/guppi_56878_SAXJ1808.4-3658_0001_out_DM450.00_ACCEL_Cand_17.pfd.pdf
prepfold_timeseries_guppi_56878_SAXJ1808.4-3658_0001/guppi_56878_SAXJ1808.4-3658_0001_out_DM506.00_ACCEL_Cand_4.pfd.pdf
prepfold_timeseries_guppi_56878_SAXJ1808.4-3658_0001/guppi_56878_SAXJ1808.4-3658_0001_out_DM238.00_ACCEL_Cand_16.pfd.pdf
prepfold_timeseries_guppi_56878_SAXJ1808.4-3658_0001/guppi_56878_SAXJ1808.4-3658_0001_out_DM302.00_ACCEL_Cand_10.pfd.pdf
prepfold_timeseries_guppi_56878_SAXJ1808.4-3658_0001/guppi_56878_SAXJ1808.4-3658_0001_out_DM389.00_ACCEL_Cand_10.pfd.pdf
prepfold_timeseries_guppi_56878_SAXJ1808.4-3658_0001/guppi_56878_SAXJ1808.4-3658_0001_out_DM807.00_ACCEL_Cand_5.pfd.pdf
prepfold_timeseries_guppi_56878_SAXJ1808.4-3658_0001/guppi_56878_SAXJ1808.4-3658_0001_out_DM860.00_ACCEL_Cand_2.pfd.pdf
prepfold_timeseries_guppi_56878_SAXJ1808.4-3658_0001/guppi_56878_SAXJ1808.4-3658_0001_out_DM316.00_ACCEL_Cand_15.pfd.pdf
prepfold_timeseries_guppi_56878_SAXJ1808.4-3658_0001/guppi_56878_SAXJ1808.4-3658_0001_out_DM442.00_ACCEL_Cand_4.pfd.pdf
prepfold_timeseries_guppi_56878_SAXJ1808.4-3658_0001/guppi_56878_SAXJ1808.4-3658_0001_out_DM99.00_ACCEL_Cand_7.pfd.pdf
prepfold_timeseries_guppi_56878_SAXJ1808.4-3658_0001/guppi_56878_SAXJ1808.4-3658_0001_out_DM928.00_ACCEL_Cand_9.pfd.pdf
prepfold_timeseries_guppi_56878_SAXJ1808.4-3658_0001/guppi_56878_SAXJ1808.4-3658_0001_out_DM66.00_ACCEL_Cand_3.pfd.pdf
prepfold_timeseries_guppi_56878_SAXJ1808.4-3658_0001/guppi_56878_SAXJ1808.4-3658_0001_out_DM23.00_ACCEL_Cand_16.pfd.pdf
prepfold_timeseries_guppi_56878_SAXJ1808.4-3658_0001/guppi_56878_SAXJ1808.4-3658_0001_out_DM191.00_ACCEL_Cand_11.pfd.pdf
prepfold_timeseries_guppi_56878_SAXJ1808.4-3658_0001/guppi_56878_SAXJ1808.4-3658_0001_out_DM68.00_ACCEL_Cand_12.pfd.pdf
prepfold_timeseries_guppi_56878_SAXJ1808.4-3658_0001/guppi_56878_SAXJ1808.4-3658_0001_out_DM738.00_ACCEL_Cand_6.pfd.pdf
prepfold_timeseries_guppi_56878_SAXJ1808.4-3658_0001/guppi_56878_SAXJ1808.4-3658_0001_out_DM322.00_ACCEL_Cand_15.pfd.pdf
prepfold_timeseries_guppi_56878_SAXJ1808.4-3658_0001/guppi_56878_SAXJ1808.4-3658_0001_out_DM13.00_ACCEL_Cand_13.pfd.pdf
prepfold_timeseries_guppi_56878_SAXJ1808.4-3658_0001/guppi_56878_SAXJ1808.4-3658_0001_out_DM101.00_ACCEL_Cand_11.pfd.pdf
prepfold_timeseries_guppi_56878_SAXJ1808.4-3658_0001/guppi_56878_SAXJ1808.4-3658_0001_out_DM768.00_ACCEL_Cand_5.pfd.pdf
prepfold_timeseries_guppi_56878_SAXJ1808.4-3658_0001/guppi_56878_SAXJ1808.4-3658_0001_out_DM26.00_ACCEL_Cand_15.pfd.pdf
prepfold_timeseries_guppi_56878_SAXJ1808.4-3658_0001/guppi_56878_SAXJ1808.4-3658_0001_out_DM867.00_ACCEL_Cand_4.pfd.pdf
prepfold_timeseries_guppi_56878_SAXJ1808.4-3658_0001/guppi_56878_SAXJ1808.4-3658_0001_out_DM868.00_ACCEL_Cand_8.pfd.pdf
prepfold_timeseries_guppi_56878_SAXJ1808.4-3658_0001/guppi_56878_SAXJ1808.4-3658_0001_out_DM94.00_ACCEL_Cand_9.pfd.pdf
prepfold_timeseries_guppi_56878_SAXJ1808.4-3658_0001/guppi_56878_SAXJ1808.4-3658_0001_out_DM110.00_ACCEL_Cand_2.pfd.pdf
prepfold_timeseries_guppi_56878_SAXJ1808.4-3658_0001/guppi_56878_SAXJ1808.4-3658_0001_out_DM20.00_ACCEL_Cand_9.pfd.pdf
prepfold_timeseries_guppi_56878_SAXJ1808.4-3658_0001/guppi_56878_SAXJ1808.4-3658_0001_out_DM374.00_ACCEL_Cand_1.pfd.pdf
prepfold_timeseries_guppi_56878_SAXJ1808.4-3658_0001/guppi_56878_SAXJ1808.4-3658_0001_out_DM505.00_ACCEL_Cand_9.pfd.pdf
prepfold_timeseries_guppi_56878_SAXJ1808.4-3658_0001/guppi_56878_SAXJ1808.4-3658_0001_out_DM721.00_ACCEL_Cand_13.pfd.pdf
prepfold_timeseries_guppi_56878_SAXJ1808.4-3658_0001/guppi_56878_SAXJ1808.4-3658_0001_out_DM39.00_ACCEL_Cand_13.pfd.pdf
prepfold_timeseries_guppi_56878_SAXJ1808.4-3658_0001/guppi_56878_SAXJ1808.4-3658_0001_out_DM773.00_ACCEL_Cand_4.pfd.pdf
prepfold_timeseries_guppi_56878_SAXJ1808.4-3658_0001/guppi_56878_SAXJ1808.4-3658_0001_out_DM399.00_ACCEL_Cand_3.pfd.pdf
prepfold_timeseries_guppi_56878_SAXJ1808.4-3658_0001/guppi_56878_SAXJ1808.4-3658_0001_out_DM191.00_ACCEL_Cand_10.pfd.pdf
prepfold_timeseries_guppi_56878_SAXJ1808.4-3658_0001/guppi_56878_SAXJ1808.4-3658_0001_out_DM97.00_ACCEL_Cand_12.pfd.pdf
prepfold_timeseries_guppi_56878_SAXJ1808.4-3658_0001/guppi_56878_SAXJ1808.4-3658_0001_out_DM826.00_ACCEL_Cand_7.pfd.pdf
prepfold_timeseries_guppi_56878_SAXJ1808.4-3658_0001/guppi_56878_SAXJ1808.4-3658_0001_out_DM868.00_ACCEL_Cand_2.pfd.pdf
prepfold_timeseries_guppi_56878_SAXJ1808.4-3658_0001/guppi_56878_SAXJ1808.4-3658_0001_out_DM860.00_ACCEL_Cand_4.pfd.pdf
prepfold_timeseries_guppi_56878_SAXJ1808.4-3658_0001/guppi_56878_SAXJ1808.4-3658_0001_out_DM578.00_ACCEL_Cand_2.pfd.pdf
prepfold_timeseries_guppi_56878_SAXJ1808.4-3658_0001/guppi_56878_SAXJ1808.4-3658_0001_out_DM402.00_ACCEL_Cand_2.pfd.pdf
prepfold_timeseries_guppi_56878_SAXJ1808.4-3658_0001/guppi_56878_SAXJ1808.4-3658_0001_out_DM437.00_ACCEL_Cand_12.pfd.pdf
prepfold_timeseries_guppi_56878_SAXJ1808.4-3658_0001/guppi_56878_SAXJ1808.4-3658_0001_out_DM550.00_ACCEL_Cand_1.pfd.pdf
prepfold_timeseries_guppi_56878_SAXJ1808.4-3658_0001/guppi_56878_SAXJ1808.4-3658_0001_out_DM203.00_ACCEL_Cand_9.pfd.pdf
prepfold_timeseries_guppi_56878_SAXJ1808.4-3658_0001/guppi_56878_SAXJ1808.4-3658_0001_out_DM971.00_ACCEL_Cand_3.pfd.pdf
prepfold_timeseries_guppi_56878_SAXJ1808.4-3658_0001/guppi_56878_SAXJ1808.4-3658_0001_out_DM48.00_ACCEL_Cand_5.pfd.pdf
prepfold_timeseries_guppi_56878_SAXJ1808.4-3658_0001/guppi_56878_SAXJ1808.4-3658_0001_out_DM737.00_ACCEL_Cand_9.pfd.pdf
prepfold_timeseries_guppi_56878_SAXJ1808.4-3658_0001/guppi_56878_SAXJ1808.4-3658_0001_out_DM360.00_ACCEL_Cand_12.pfd.pdf
prepfold_timeseries_guppi_56878_SAXJ1808.4-3658_0001/guppi_56878_SAXJ1808.4-3658_0001_out_DM187.00_ACCEL_Cand_4.pfd.pdf
prepfold_timeseries_guppi_56878_SAXJ1808.4-3658_0001/guppi_56878_SAXJ1808.4-3658_0001_out_DM469.00_ACCEL_Cand_8.pfd.pdf
prepfold_timeseries_guppi_56878_SAXJ1808.4-3658_0001/guppi_56878_SAXJ1808.4-3658_0001_out_DM745.00_ACCEL_Cand_7.pfd.pdf
prepfold_timeseries_guppi_56878_SAXJ1808.4-3658_0001/guppi_56878_SAXJ1808.4-3658_0001_out_DM764.00_ACCEL_Cand_6.pfd.pdf
prepfold_timeseries_guppi_56878_SAXJ1808.4-3658_0001/guppi_56878_SAXJ1808.4-3658_0001_out_DM705.00_ACCEL_Cand_2.pfd.pdf
prepfold_timeseries_guppi_56878_SAXJ1808.4-3658_0001/guppi_56878_SAXJ1808.4-3658_0001_out_DM10.00_ACCEL_Cand_1.pfd.pdf
prepfold_timeseries_guppi_56878_SAXJ1808.4-3658_0001/guppi_56878_SAXJ1808.4-3658_0001_out_DM472.00_ACCEL_Cand_13.pfd.pdf
prepfold_timeseries_guppi_56878_SAXJ1808.4-3658_0001/guppi_56878_SAXJ1808.4-3658_0001_out_DM27.00_ACCEL_Cand_16.pfd.pdf
prepfold_timeseries_guppi_56878_SAXJ1808.4-3658_0001/guppi_56878_SAXJ1808.4-3658_0001_out_DM276.00_ACCEL_Cand_12.pfd.pdf
prepfold_timeseries_guppi_56878_SAXJ1808.4-3658_0001/guppi_56878_SAXJ1808.4-3658_0001_out_DM184.00_ACCEL_Cand_21.pfd.pdf
prepfold_timeseries_guppi_56878_SAXJ1808.4-3658_0001/guppi_56878_SAXJ1808.4-3658_0001_out_DM964.00_ACCEL_Cand_2.pfd.pdf
prepfold_timeseries_guppi_56878_SAXJ1808.4-3658_0001/guppi_56878_SAXJ1808.4-3658_0001_out_DM347.00_ACCEL_Cand_4.pfd.pdf
prepfold_timeseries_guppi_56878_SAXJ1808.4-3658_0001/guppi_56878_SAXJ1808.4-3658_0001_out_DM19.00_ACCEL_Cand_6.pfd.pdf
prepfold_timeseries_guppi_56878_SAXJ1808.4-3658_0001/guppi_56878_SAXJ1808.4-3658_0001_out_DM239.00_ACCEL_Cand_9.pfd.pdf
prepfold_timeseries_guppi_56878_SAXJ1808.4-3658_0001/guppi_56878_SAXJ1808.4-3658_0001_out_DM721.00_ACCEL_Cand_7.pfd.pdf
prepfold_timeseries_guppi_56878_SAXJ1808.4-3658_0001/guppi_56878_SAXJ1808.4-3658_0001_out_DM48.00_ACCEL_Cand_6.pfd.pdf
prepfold_timeseries_guppi_56878_SAXJ1808.4-3658_0001/guppi_56878_SAXJ1808.4-3658_0001_out_DM441.00_ACCEL_Cand_18.pfd.pdf
prepfold_timeseries_guppi_56878_SAXJ1808.4-3658_0001/guppi_56878_SAXJ1808.4-3658_0001_out_DM737.00_ACCEL_Cand_1.pfd.pdf
prepfold_timeseries_guppi_56878_SAXJ1808.4-3658_0001/guppi_56878_SAXJ1808.4-3658_0001_out_DM949.00_ACCEL_Cand_1.pfd.pdf
prepfold_timeseries_guppi_56878_SAXJ1808.4-3658_0001/guppi_56878_SAXJ1808.4-3658_0001_out_DM8.00_ACCEL_Cand_1.pfd.pdf
prepfold_timeseries_guppi_56878_SAXJ1808.4-3658_0001/guppi_56878_SAXJ1808.4-3658_0001_out_DM878.00_ACCEL_Cand_14.pfd.pdf
prepfold_timeseries_guppi_56878_SAXJ1808.4-3658_0001/guppi_56878_SAXJ1808.4-3658_0001_out_DM765.00_ACCEL_Cand_7.pfd.pdf
prepfold_timeseries_guppi_56878_SAXJ1808.4-3658_0001/guppi_56878_SAXJ1808.4-3658_0001_out_DM450.00_ACCEL_Cand_9.pfd.pdf
prepfold_timeseries_guppi_56878_SAXJ1808.4-3658_0001/guppi_56878_SAXJ1808.4-3658_0001_out_DM847.00_ACCEL_Cand_12.pfd.pdf
prepfold_timeseries_guppi_56878_SAXJ1808.4-3658_0001/guppi_56878_SAXJ1808.4-3658_0001_out_DM267.00_ACCEL_Cand_7.pfd.pdf
prepfold_timeseries_guppi_56878_SAXJ1808.4-3658_0001/guppi_56878_SAXJ1808.4-3658_0001_out_DM21.00_ACCEL_Cand_16.pfd.pdf
prepfold_timeseries_guppi_56878_SAXJ1808.4-3658_0001/guppi_56878_SAXJ1808.4-3658_0001_out_DM753.00_ACCEL_Cand_3.pfd.pdf
prepfold_timeseries_guppi_56878_SAXJ1808.4-3658_0001/guppi_56878_SAXJ1808.4-3658_0001_out_DM240.00_ACCEL_Cand_8.pfd.pdf
prepfold_timeseries_guppi_56878_SAXJ1808.4-3658_0001/guppi_56878_SAXJ1808.4-3658_0001_out_DM985.00_ACCEL_Cand_9.pfd.pdf
prepfold_timeseries_guppi_56878_SAXJ1808.4-3658_0001/guppi_56878_SAXJ1808.4-3658_0001_out_DM733.00_ACCEL_Cand_6.pfd.pdf
prepfold_timeseries_guppi_56878_SAXJ1808.4-3658_0001/guppi_56878_SAXJ1808.4-3658_0001_out_DM798.00_ACCEL_Cand_5.pfd.pdf
prepfold_timeseries_guppi_56878_SAXJ1808.4-3658_0001/guppi_56878_SAXJ1808.4-3658_0001_out_DM728.00_ACCEL_Cand_14.pfd.pdf
prepfold_timeseries_guppi_56878_SAXJ1808.4-3658_0001/guppi_56878_SAXJ1808.4-3658_0001_out_DM617.00_ACCEL_Cand_7.pfd.pdf
prepfold_timeseries_guppi_56878_SAXJ1808.4-3658_0001/guppi_56878_SAXJ1808.4-3658_0001_out_DM864.00_ACCEL_Cand_3.pfd.pdf
prepfold_timeseries_guppi_56878_SAXJ1808.4-3658_0001/guppi_56878_SAXJ1808.4-3658_0001_out_DM156.00_ACCEL_Cand_13.pfd.pdf
prepfold_timeseries_guppi_56878_SAXJ1808.4-3658_0001/guppi_56878_SAXJ1808.4-3658_0001_out_DM780.00_ACCEL_Cand_1.pfd.pdf
prepfold_timeseries_guppi_56878_SAXJ1808.4-3658_0001/guppi_56878_SAXJ1808.4-3658_0001_out_DM140.00_ACCEL_Cand_3.pfd.pdf
prepfold_timeseries_guppi_56878_SAXJ1808.4-3658_0001/guppi_56878_SAXJ1808.4-3658_0001_out_DM45.00_ACCEL_Cand_5.pfd.pdf
prepfold_timeseries_guppi_56878_SAXJ1808.4-3658_0001/guppi_56878_SAXJ1808.4-3658_0001_out_DM974.00_ACCEL_Cand_4.pfd.pdf
prepfold_timeseries_guppi_56878_SAXJ1808.4-3658_0001/guppi_56878_SAXJ1808.4-3658_0001_out_DM769.00_ACCEL_Cand_12.pfd.pdf
prepfold_timeseries_guppi_56878_SAXJ1808.4-3658_0001/guppi_56878_SAXJ1808.4-3658_0001_out_DM40.00_ACCEL_Cand_6.pfd.pdf
prepfold_timeseries_guppi_56878_SAXJ1808.4-3658_0001/guppi_56878_SAXJ1808.4-3658_0001_out_DM971.00_ACCEL_Cand_1.pfd.pdf
prepfold_timeseries_guppi_56878_SAXJ1808.4-3658_0001/guppi_56878_SAXJ1808.4-3658_0001_out_DM133.00_ACCEL_Cand_4.pfd.pdf
prepfold_timeseries_guppi_56878_SAXJ1808.4-3658_0001/guppi_56878_SAXJ1808.4-3658_0001_out_DM169.00_ACCEL_Cand_11.pfd.pdf
prepfold_timeseries_guppi_56878_SAXJ1808.4-3658_0001/guppi_56878_SAXJ1808.4-3658_0001_out_DM631.00_ACCEL_Cand_3.pfd.pdf
prepfold_timeseries_guppi_56878_SAXJ1808.4-3658_0001/guppi_56878_SAXJ1808.4-3658_0001_out_DM29.00_ACCEL_Cand_4.pfd.pdf
prepfold_timeseries_guppi_56878_SAXJ1808.4-3658_0001/guppi_56878_SAXJ1808.4-3658_0001_out_DM15.00_ACCEL_Cand_6.pfd.pdf
prepfold_timeseries_guppi_56878_SAXJ1808.4-3658_0001/guppi_56878_SAXJ1808.4-3658_0001_out_DM78.00_ACCEL_Cand_11.pfd.pdf
prepfold_timeseries_guppi_56878_SAXJ1808.4-3658_0001/guppi_56878_SAXJ1808.4-3658_0001_out_DM78.00_ACCEL_Cand_9.pfd.pdf
prepfold_timeseries_guppi_56878_SAXJ1808.4-3658_0001/guppi_56878_SAXJ1808.4-3658_0001_out_DM322.00_ACCEL_Cand_17.pfd.pdf
prepfold_timeseries_guppi_56878_SAXJ1808.4-3658_0001/guppi_56878_SAXJ1808.4-3658_0001_out_DM717.00_ACCEL_Cand_15.pfd.pdf
prepfold_timeseries_guppi_56878_SAXJ1808.4-3658_0001/guppi_56878_SAXJ1808.4-3658_0001_out_DM816.00_ACCEL_Cand_7.pfd.pdf
prepfold_timeseries_guppi_56878_SAXJ1808.4-3658_0001/guppi_56878_SAXJ1808.4-3658_0001_out_DM15.00_ACCEL_Cand_7.pfd.pdf
prepfold_timeseries_guppi_56878_SAXJ1808.4-3658_0001/guppi_56878_SAXJ1808.4-3658_0001_out_DM529.00_ACCEL_Cand_9.pfd.pdf
prepfold_timeseries_guppi_56878_SAXJ1808.4-3658_0001/guppi_56878_SAXJ1808.4-3658_0001_out_DM17.00_ACCEL_Cand_19.pfd.pdf
prepfold_timeseries_guppi_56878_SAXJ1808.4-3658_0001/guppi_56878_SAXJ1808.4-3658_0001_out_DM870.00_ACCEL_Cand_2.pfd.pdf
prepfold_timeseries_guppi_56878_SAXJ1808.4-3658_0001/guppi_56878_SAXJ1808.4-3658_0001_out_DM102.00_ACCEL_Cand_5.pfd.pdf
prepfold_timeseries_guppi_56878_SAXJ1808.4-3658_0001/guppi_56878_SAXJ1808.4-3658_0001_out_DM84.00_ACCEL_Cand_3.pfd.pdf
prepfold_timeseries_guppi_56878_SAXJ1808.4-3658_0001/guppi_56878_SAXJ1808.4-3658_0001_out_DM160.00_ACCEL_Cand_5.pfd.pdf
prepfold_timeseries_guppi_56878_SAXJ1808.4-3658_0001/guppi_56878_SAXJ1808.4-3658_0001_out_DM8.00_ACCEL_Cand_25.pfd.pdf
prepfold_timeseries_guppi_56878_SAXJ1808.4-3658_0001/guppi_56878_SAXJ1808.4-3658_0001_out_DM639.00_ACCEL_Cand_4.pfd.pdf
prepfold_timeseries_guppi_56878_SAXJ1808.4-3658_0001/guppi_56878_SAXJ1808.4-3658_0001_out_DM566.00_ACCEL_Cand_7.pfd.pdf
prepfold_timeseries_guppi_56878_SAXJ1808.4-3658_0001/guppi_56878_SAXJ1808.4-3658_0001_out_DM718.00_ACCEL_Cand_7.pfd.pdf
prepfold_timeseries_guppi_56878_SAXJ1808.4-3658_0001/guppi_56878_SAXJ1808.4-3658_0001_out_DM899.00_ACCEL_Cand_7.pfd.pdf
prepfold_timeseries_guppi_56878_SAXJ1808.4-3658_0001/guppi_56878_SAXJ1808.4-3658_0001_out_DM705.00_ACCEL_Cand_6.pfd.pdf
prepfold_timeseries_guppi_56878_SAXJ1808.4-3658_0001/guppi_56878_SAXJ1808.4-3658_0001_out_DM103.00_ACCEL_Cand_8.pfd.pdf
prepfold_timeseries_guppi_56878_SAXJ1808.4-3658_0001/guppi_56878_SAXJ1808.4-3658_0001_out_DM241.00_ACCEL_Cand_1.pfd.pdf
prepfold_timeseries_guppi_56878_SAXJ1808.4-3658_0001/guppi_56878_SAXJ1808.4-3658_0001_out_DM500.00_ACCEL_Cand_8.pfd.pdf
prepfold_timeseries_guppi_56878_SAXJ1808.4-3658_0001/guppi_56878_SAXJ1808.4-3658_0001_out_DM241.00_ACCEL_Cand_3.pfd.pdf
prepfold_timeseries_guppi_56878_SAXJ1808.4-3658_0001/guppi_56878_SAXJ1808.4-3658_0001_out_DM108.00_ACCEL_Cand_6.pfd.pdf
prepfold_timeseries_guppi_56878_SAXJ1808.4-3658_0001/guppi_56878_SAXJ1808.4-3658_0001_out_DM48.00_ACCEL_Cand_8.pfd.pdf
prepfold_timeseries_guppi_56878_SAXJ1808.4-3658_0001/guppi_56878_SAXJ1808.4-3658_0001_out_DM912.00_ACCEL_Cand_2.pfd.pdf
prepfold_timeseries_guppi_56878_SAXJ1808.4-3658_0001/guppi_56878_SAXJ1808.4-3658_0001_out_DM913.00_ACCEL_Cand_1.pfd.pdf
prepfold_timeseries_guppi_56878_SAXJ1808.4-3658_0001/guppi_56878_SAXJ1808.4-3658_0001_out_DM49.00_ACCEL_Cand_7.pfd.pdf
prepfold_timeseries_guppi_56878_SAXJ1808.4-3658_0001/guppi_56878_SAXJ1808.4-3658_0001_out_DM578.00_ACCEL_Cand_3.pfd.pdf
prepfold_timeseries_guppi_56878_SAXJ1808.4-3658_0001/guppi_56878_SAXJ1808.4-3658_0001_out_DM464.00_ACCEL_Cand_4.pfd.pdf
prepfold_timeseries_guppi_56878_SAXJ1808.4-3658_0001/guppi_56878_SAXJ1808.4-3658_0001_out_DM516.00_ACCEL_Cand_2.pfd.pdf
prepfold_timeseries_guppi_56878_SAXJ1808.4-3658_0001/guppi_56878_SAXJ1808.4-3658_0001_out_DM666.00_ACCEL_Cand_12.pfd.pdf
prepfold_timeseries_guppi_56878_SAXJ1808.4-3658_0001/guppi_56878_SAXJ1808.4-3658_0001_out_DM859.00_ACCEL_Cand_10.pfd.pdf
prepfold_timeseries_guppi_56878_SAXJ1808.4-3658_0001/guppi_56878_SAXJ1808.4-3658_0001_out_DM59.00_ACCEL_Cand_6.pfd.pdf
prepfold_timeseries_guppi_56878_SAXJ1808.4-3658_0001/guppi_56878_SAXJ1808.4-3658_0001_out_DM943.00_ACCEL_Cand_3.pfd.pdf
prepfold_timeseries_guppi_56878_SAXJ1808.4-3658_0001/guppi_56878_SAXJ1808.4-3658_0001_out_DM281.00_ACCEL_Cand_3.pfd.pdf
prepfold_timeseries_guppi_56878_SAXJ1808.4-3658_0001/guppi_56878_SAXJ1808.4-3658_0001_out_DM921.00_ACCEL_Cand_10.pfd.pdf
prepfold_timeseries_guppi_56878_SAXJ1808.4-3658_0001/guppi_56878_SAXJ1808.4-3658_0001_out_DM950.00_ACCEL_Cand_2.pfd.pdf
prepfold_timeseries_guppi_56878_SAXJ1808.4-3658_0001/guppi_56878_SAXJ1808.4-3658_0001_out_DM23.00_ACCEL_Cand_15.pfd.pdf
prepfold_timeseries_guppi_56878_SAXJ1808.4-3658_0001/guppi_56878_SAXJ1808.4-3658_0001_out_DM985.00_ACCEL_Cand_1.pfd.pdf
prepfold_timeseries_guppi_56878_SAXJ1808.4-3658_0001/guppi_56878_SAXJ1808.4-3658_0001_out_DM835.00_ACCEL_Cand_1.pfd.pdf
prepfold_timeseries_guppi_56878_SAXJ1808.4-3658_0001/guppi_56878_SAXJ1808.4-3658_0001_out_DM717.00_ACCEL_Cand_14.pfd.pdf
prepfold_timeseries_guppi_56878_SAXJ1808.4-3658_0001/guppi_56878_SAXJ1808.4-3658_0001_out_DM57.00_ACCEL_Cand_7.pfd.pdf
prepfold_timeseries_guppi_56878_SAXJ1808.4-3658_0001/guppi_56878_SAXJ1808.4-3658_0001_out_DM243.00_ACCEL_Cand_10.pfd.pdf
prepfold_timeseries_guppi_56878_SAXJ1808.4-3658_0001/guppi_56878_SAXJ1808.4-3658_0001_out_DM23.00_ACCEL_Cand_13.pfd.pdf
prepfold_timeseries_guppi_56878_SAXJ1808.4-3658_0001/guppi_56878_SAXJ1808.4-3658_0001_out_DM114.00_ACCEL_Cand_10.pfd.pdf
prepfold_timeseries_guppi_56878_SAXJ1808.4-3658_0001/guppi_56878_SAXJ1808.4-3658_0001_out_DM531.00_ACCEL_Cand_11.pfd.pdf
prepfold_timeseries_guppi_56878_SAXJ1808.4-3658_0001/guppi_56878_SAXJ1808.4-3658_0001_out_DM426.00_ACCEL_Cand_2.pfd.pdf
prepfold_timeseries_guppi_56878_SAXJ1808.4-3658_0001/guppi_56878_SAXJ1808.4-3658_0001_out_DM30.00_ACCEL_Cand_2.pfd.pdf
prepfold_timeseries_guppi_56878_SAXJ1808.4-3658_0001/guppi_56878_SAXJ1808.4-3658_0001_out_DM630.00_ACCEL_Cand_3.pfd.pdf
prepfold_timeseries_guppi_56878_SAXJ1808.4-3658_0001/guppi_56878_SAXJ1808.4-3658_0001_out_DM519.00_ACCEL_Cand_4.pfd.pdf
prepfold_timeseries_guppi_56878_SAXJ1808.4-3658_0001/guppi_56878_SAXJ1808.4-3658_0001_out_DM465.00_ACCEL_Cand_9.pfd.pdf
prepfold_timeseries_guppi_56878_SAXJ1808.4-3658_0001/guppi_56878_SAXJ1808.4-3658_0001_out_DM6.00_ACCEL_Cand_24.pfd.pdf
prepfold_timeseries_guppi_56878_SAXJ1808.4-3658_0001/guppi_56878_SAXJ1808.4-3658_0001_out_DM987.00_ACCEL_Cand_5.pfd.pdf
prepfold_timeseries_guppi_56878_SAXJ1808.4-3658_0001/guppi_56878_SAXJ1808.4-3658_0001_out_DM302.00_ACCEL_Cand_18.pfd.pdf
prepfold_timeseries_guppi_56878_SAXJ1808.4-3658_0001/guppi_56878_SAXJ1808.4-3658_0001_out_DM955.00_ACCEL_Cand_8.pfd.pdf
prepfold_timeseries_guppi_56878_SAXJ1808.4-3658_0001/guppi_56878_SAXJ1808.4-3658_0001_out_DM153.00_ACCEL_Cand_9.pfd.pdf
prepfold_timeseries_guppi_56878_SAXJ1808.4-3658_0001/guppi_56878_SAXJ1808.4-3658_0001_out_DM84.00_ACCEL_Cand_12.pfd.pdf
prepfold_timeseries_guppi_56878_SAXJ1808.4-3658_0001/guppi_56878_SAXJ1808.4-3658_0001_out_DM564.00_ACCEL_Cand_8.pfd.pdf
prepfold_timeseries_guppi_56878_SAXJ1808.4-3658_0001/guppi_56878_SAXJ1808.4-3658_0001_out_DM831.00_ACCEL_Cand_8.pfd.pdf
prepfold_timeseries_guppi_56878_SAXJ1808.4-3658_0001/guppi_56878_SAXJ1808.4-3658_0001_out_DM874.00_ACCEL_Cand_7.pfd.pdf
prepfold_timeseries_guppi_56878_SAXJ1808.4-3658_0001/guppi_56878_SAXJ1808.4-3658_0001_out_DM79.00_ACCEL_Cand_4.pfd.pdf
prepfold_timeseries_guppi_56878_SAXJ1808.4-3658_0001/guppi_56878_SAXJ1808.4-3658_0001_out_DM240.00_ACCEL_Cand_7.pfd.pdf
prepfold_timeseries_guppi_56878_SAXJ1808.4-3658_0001/guppi_56878_SAXJ1808.4-3658_0001_out_DM1007.00_ACCEL_Cand_9.pfd.pdf
prepfold_timeseries_guppi_56878_SAXJ1808.4-3658_0001/guppi_56878_SAXJ1808.4-3658_0001_out_DM765.00_ACCEL_Cand_6.pfd.pdf
prepfold_timeseries_guppi_56878_SAXJ1808.4-3658_0001/guppi_56878_SAXJ1808.4-3658_0001_out_DM863.00_ACCEL_Cand_1.pfd.pdf
prepfold_timeseries_guppi_56878_SAXJ1808.4-3658_0001/guppi_56878_SAXJ1808.4-3658_0001_out_DM39.00_ACCEL_Cand_3.pfd.pdf
prepfold_timeseries_guppi_56878_SAXJ1808.4-3658_0001/guppi_56878_SAXJ1808.4-3658_0001_out_DM8.00_ACCEL_Cand_20.pfd.pdf
prepfold_timeseries_guppi_56878_SAXJ1808.4-3658_0001/guppi_56878_SAXJ1808.4-3658_0001_out_DM398.00_ACCEL_Cand_3.pfd.pdf
prepfold_timeseries_guppi_56878_SAXJ1808.4-3658_0001/guppi_56878_SAXJ1808.4-3658_0001_out_DM923.00_ACCEL_Cand_5.pfd.pdf
prepfold_timeseries_guppi_56878_SAXJ1808.4-3658_0001/guppi_56878_SAXJ1808.4-3658_0001_out_DM453.00_ACCEL_Cand_4.pfd.pdf
prepfold_timeseries_guppi_56878_SAXJ1808.4-3658_0001/guppi_56878_SAXJ1808.4-3658_0001_out_DM227.00_ACCEL_Cand_2.pfd.pdf
prepfold_timeseries_guppi_56878_SAXJ1808.4-3658_0001/guppi_56878_SAXJ1808.4-3658_0001_out_DM76.00_ACCEL_Cand_3.pfd.pdf
prepfold_timeseries_guppi_56878_SAXJ1808.4-3658_0001/guppi_56878_SAXJ1808.4-3658_0001_out_DM419.00_ACCEL_Cand_20.pfd.pdf
prepfold_timeseries_guppi_56878_SAXJ1808.4-3658_0001/guppi_56878_SAXJ1808.4-3658_0001_out_DM840.00_ACCEL_Cand_11.pfd.pdf
rm: cannot remove `*.pfd': No such file or directory
rm: cannot remove `*out**.ps': No such file or directory
[('--folder_tag', '20140809'), ('--file_tag', 'guppi_56878_SAXJ1808.4-3658_0001_0001.fits')]
/lustre/pulsar/scratch/ajaodand/GBT14B-036_AMXPs/20140809/guppi_56878_SAXJ1808.4-3658_0001_000[1-3].fits
guppi_56878_SAXJ1808.4-3658_0001_out
15728640
ls *.ps | xargs -n 1 ps2pdf
